#
# A fatal error has been detected by the Java Runtime Environment:
#
#  EXCEPTION_ACCESS_VIOLATION (0xc0000005) at pc=0x00007ffec607db50, pid=14936, tid=11320
#
# JRE version: Java(TM) SE Runtime Environment (9.0+11) (build 9.0.4+11)
# Java VM: Java HotSpot(TM) 64-Bit Server VM (9.0.4+11, mixed mode, tiered, compressed oops, g1 gc, windows-amd64)
# Problematic frame:
# C  0x00007ffec607db50
#
# No core dump will be written. Minidumps are not enabled by default on client versions of Windows
#
# If you would like to submit a bug report, please visit:
#   http://bugreport.java.com/bugreport/crash.jsp
# The crash happened outside the Java Virtual Machine in native code.
# See problematic frame for where to report the bug.
#

---------------  S U M M A R Y ------------

Command Line: -Dsun.java2d.pmoffscreen=false -Dsun.java2d.xrender=false -Dsun.java2d.d3d=false -Dsun.awt.nopixfmt=true -Dsun.java2d.dpiaware=true -Dsun.java2d.uiScale.enabled=false -Xverify:none -Dswing.aatext=true -XX:-UsePerfData -Djdk.map.althashing.threshold=512 -XX:StringTableSize=4072 --add-opens=java.base/java.nio=ALL-UNNAMED --add-opens=java.desktop/sun.swing=ALL-UNNAMED --add-opens=java.desktop/javax.swing=ALL-UNNAMED --add-opens=java.desktop/javax.swing.tree=ALL-UNNAMED --add-opens=java.desktop/javax.swing.plaf.basic=ALL-UNNAMED --add-opens=java.desktop/javax.swing.plaf.synth=ALL-UNNAMED --add-opens=java.desktop/com.sun.awt=ALL-UNNAMED -XX:NewSize=60m -XX:MaxNewSize=60m -Xms128m -Xmx3072m -Xss5m 

Host: Intel(R) Core(TM) i5-7400 CPU @ 3.00GHz, 4 cores, 15G,  Windows 10 , 64 bit Build 17134 (10.0.17134.753)
Time: Sun Dec 01 20:04:17 2019 Belarus Standard Time elapsed time: 27864 seconds (0d 7h 44m 24s)

---------------  T H R E A D  ---------------

Current thread (0x0000011d844c1800):  JavaThread "AWT-EventQueue-1" [_thread_in_native, id=11320, stack(0x0000001881900000,0x0000001881e00000)]

Stack: [0x0000001881900000,0x0000001881e00000],  sp=0x0000001881df4c88,  free space=5075k
Native frames: (J=compiled Java code, j=interpreted, Vv=VM code, C=native code)
C  0x00007ffec607db50

Java frames: (J=compiled Java code, j=interpreted, Vv=VM code)
J 26783  ui.views.waveform.waveformi.WVExecutive_getGraphicsDataSize(J)J (0 bytes) @ 0x0000011d962884a1 [0x0000011d96288460+0x0000000000000041]
J 34881 c2 ui.views.waveform.w.cZO()V (38 bytes) @ 0x0000011d9876954c [0x0000011d987687e0+0x0000000000000d6c]
J 34365 c2 ui.views.waveform.c.b.j(Lui/frmwork/b/i;)V (603 bytes) @ 0x0000011d9864be34 [0x0000011d9864a1e0+0x0000000000001c54]
J 33949 c2 ui.views.waveform.w.a(Lui/frmwork/b/i;)V (17 bytes) @ 0x0000011d965e8fe4 [0x0000011d965e8fa0+0x0000000000000044]
J 27836 c2 ui.frmwork.b.l.d(Lui/frmwork/b/i;)V (61 bytes) @ 0x0000011d96337fdc [0x0000011d96337e40+0x000000000000019c]
J 27578 c2 ui.frmwork.G.i(JZ)V (471 bytes) @ 0x0000011d97c0e648 [0x0000011d97c0d2a0+0x00000000000013a8]
J 27878 c2 ui.frmwork.G.fireTclEvent(J)I (113 bytes) @ 0x0000011d968c4bf4 [0x0000011d968c3fc0+0x0000000000000c34]
v  ~StubRoutines::call_stub
J 33161  ui.views.waveform.waveformi.WVExecutive_processModelEvent(JJ)V (0 bytes) @ 0x0000011d983a9a24 [0x0000011d983a99e0+0x0000000000000044]
J 34365 c2 ui.views.waveform.c.b.j(Lui/frmwork/b/i;)V (603 bytes) @ 0x0000011d9864b9c4 [0x0000011d9864a1e0+0x00000000000017e4]
J 33949 c2 ui.views.waveform.w.a(Lui/frmwork/b/i;)V (17 bytes) @ 0x0000011d965e8fe4 [0x0000011d965e8fa0+0x0000000000000044]
J 27836 c2 ui.frmwork.b.l.d(Lui/frmwork/b/i;)V (61 bytes) @ 0x0000011d96337fdc [0x0000011d96337e40+0x000000000000019c]
J 27578 c2 ui.frmwork.G.i(JZ)V (471 bytes) @ 0x0000011d97c0e648 [0x0000011d97c0d2a0+0x00000000000013a8]
J 27878 c2 ui.frmwork.G.fireTclEvent(J)I (113 bytes) @ 0x0000011d968c4bf4 [0x0000011d968c3fc0+0x0000000000000c34]
v  ~StubRoutines::call_stub
J 33161  ui.views.waveform.waveformi.WVExecutive_processModelEvent(JJ)V (0 bytes) @ 0x0000011d983a9a24 [0x0000011d983a99e0+0x0000000000000044]
J 33164 c1 ui.views.waveform.c.b.eQ(J)V (109 bytes) @ 0x0000011d90cc9064 [0x0000011d90cc8f20+0x0000000000000144]
j  ui.views.waveform.c.e.actionPerformed(Ljava/awt/event/ActionEvent;)V+8
J 14293 c2 javax.swing.Timer.fireActionPerformed(Ljava/awt/event/ActionEvent;)V java.desktop@9.0.4 (46 bytes) @ 0x0000011d96511258 [0x0000011d96511140+0x0000000000000118]
J 14274 c2 javax.swing.Timer$DoPostEvent.run()V java.desktop@9.0.4 (82 bytes) @ 0x0000011d964fecec [0x0000011d964fe9e0+0x000000000000030c]
J 22744 c2 java.awt.EventQueue$3.run()Ljava/lang/Void; java.desktop@9.0.4 (60 bytes) @ 0x0000011d9646d724 [0x0000011d9646d620+0x0000000000000104]
J 20422 c2 java.awt.EventQueue$3.run()Ljava/lang/Object; java.desktop@9.0.4 (5 bytes) @ 0x0000011d963db454 [0x0000011d963db420+0x0000000000000034]
v  ~StubRoutines::call_stub
J 4240  java.security.AccessController.doPrivileged(Ljava/security/PrivilegedAction;Ljava/security/AccessControlContext;)Ljava/lang/Object; java.base@9.0.4 (0 bytes) @ 0x0000011d9632aac6 [0x0000011d9632aa60+0x0000000000000066]
J 12695 c2 ui.frmwork.b.d.dispatchEvent(Ljava/awt/AWTEvent;)V (34 bytes) @ 0x0000011d96abcd80 [0x0000011d96abc780+0x0000000000000600]
J 33711 c2 java.awt.EventDispatchThread.pumpOneEventForFilters(I)V java.desktop@9.0.4 (218 bytes) @ 0x0000011d984a6f74 [0x0000011d984a6b00+0x0000000000000474]
J 22367 c2 java.awt.EventDispatchThread.pumpEventsForFilter(ILjava/awt/Conditional;Ljava/awt/EventFilter;)V java.desktop@9.0.4 (47 bytes) @ 0x0000011d973c2690 [0x0000011d973c24e0+0x00000000000001b0]
j  java.awt.EventDispatchThread.pumpEventsForFilter(Ljava/awt/Conditional;Ljava/awt/EventFilter;)V+4 java.desktop@9.0.4
j  java.awt.WaitDispatchSupport$2.run()V+59 java.desktop@9.0.4
j  java.awt.WaitDispatchSupport$4.run()Ljava/lang/Void;+4 java.desktop@9.0.4
j  java.awt.WaitDispatchSupport$4.run()Ljava/lang/Object;+1 java.desktop@9.0.4
v  ~StubRoutines::call_stub
J 1016  java.security.AccessController.doPrivileged(Ljava/security/PrivilegedAction;)Ljava/lang/Object; java.base@9.0.4 (0 bytes) @ 0x0000011d9615ccb2 [0x0000011d9615cc60+0x0000000000000052]
j  java.awt.WaitDispatchSupport.enter()Z+260 java.desktop@9.0.4
j  java.awt.Dialog.show()V+225 java.desktop@9.0.4
J 31330 c1 ui.b.c.bB.showDialog()V (68 bytes) @ 0x0000011d906a5914 [0x0000011d906a4d80+0x0000000000000b94]
J 32869 c1 ui.b.c.bB.cSz()V (434 bytes) @ 0x0000011d91c306fc [0x0000011d91c26a00+0x0000000000009cfc]
j  ui.views.c.t.b.a.run()V+60
j  ui.frmwork.a.epE()Z+66
j  ui.frmwork.Y.erq()V+42
j  ui.bm.actionPerformed(Ljava/awt/event/ActionEvent;)V+25
J 32290 c1 javax.swing.AbstractButton.fireActionPerformed(Ljava/awt/event/ActionEvent;)V java.desktop@9.0.4 (96 bytes) @ 0x0000011d90256f2c [0x0000011d902566c0+0x000000000000086c]
j  ui.utils.p.b.E.fireActionPerformed(Ljava/awt/event/ActionEvent;)V+7
J 32289 c1 javax.swing.AbstractButton$Handler.actionPerformed(Ljava/awt/event/ActionEvent;)V java.desktop@9.0.4 (9 bytes) @ 0x0000011d8fd9f544 [0x0000011d8fd9f440+0x0000000000000104]
J 31286 c1 javax.swing.DefaultButtonModel.fireActionPerformed(Ljava/awt/event/ActionEvent;)V java.desktop@9.0.4 (46 bytes) @ 0x0000011d900f1794 [0x0000011d900f14e0+0x00000000000002b4]
J 25167 c1 javax.swing.DefaultButtonModel.setPressed(Z)V java.desktop@9.0.4 (125 bytes) @ 0x0000011d9138d3c4 [0x0000011d9138c500+0x0000000000000ec4]
J 34689 c1 javax.swing.plaf.basic.BasicButtonListener.mouseReleased(Ljava/awt/event/MouseEvent;)V java.desktop@9.0.4 (48 bytes) @ 0x0000011d8f2d02ac [0x0000011d8f2cfe80+0x000000000000042c]
j  com.jidesoft.plaf.basic.BasicJideButtonListener.mouseReleased(Ljava/awt/event/MouseEvent;)V+61
J 32071 c2 java.awt.AWTEventMulticaster.mouseReleased(Ljava/awt/event/MouseEvent;)V java.desktop@9.0.4 (27 bytes) @ 0x0000011d9764da34 [0x0000011d9764d9c0+0x0000000000000074]
J 32071 c2 java.awt.AWTEventMulticaster.mouseReleased(Ljava/awt/event/MouseEvent;)V java.desktop@9.0.4 (27 bytes) @ 0x0000011d9764da34 [0x0000011d9764d9c0+0x0000000000000074]
J 32071 c2 java.awt.AWTEventMulticaster.mouseReleased(Ljava/awt/event/MouseEvent;)V java.desktop@9.0.4 (27 bytes) @ 0x0000011d9764da34 [0x0000011d9764d9c0+0x0000000000000074]
J 26980 c2 javax.swing.JComponent.processMouseEvent(Ljava/awt/event/MouseEvent;)V java.desktop@9.0.4 (27 bytes) @ 0x0000011d97ad1e90 [0x0000011d97ad1ca0+0x00000000000001f0]
J 25869 c2 java.awt.Container.processEvent(Ljava/awt/AWTEvent;)V java.desktop@9.0.4 (22 bytes) @ 0x0000011d978c5f80 [0x0000011d978c5e20+0x0000000000000160]
J 33268 c2 java.awt.Component.dispatchEventImpl(Ljava/awt/AWTEvent;)V java.desktop@9.0.4 (739 bytes) @ 0x0000011d9841720c [0x0000011d98416820+0x00000000000009ec]
J 33043 c2 java.awt.Container.dispatchEventImpl(Ljava/awt/AWTEvent;)V java.desktop@9.0.4 (129 bytes) @ 0x0000011d9837ef84 [0x0000011d9837eea0+0x00000000000000e4]
J 33034 c2 java.awt.LightweightDispatcher.retargetMouseEvent(Ljava/awt/Component;ILjava/awt/event/MouseEvent;)V java.desktop@9.0.4 (350 bytes) @ 0x0000011d9836faf4 [0x0000011d9836f540+0x00000000000005b4]
J 33043 c2 java.awt.Container.dispatchEventImpl(Ljava/awt/AWTEvent;)V java.desktop@9.0.4 (129 bytes) @ 0x0000011d9837f5c0 [0x0000011d9837eea0+0x0000000000000720]
J 17543 c2 java.awt.Window.dispatchEventImpl(Ljava/awt/AWTEvent;)V java.desktop@9.0.4 (23 bytes) @ 0x0000011d9684b00c [0x0000011d9684afc0+0x000000000000004c]
J 22744 c2 java.awt.EventQueue$3.run()Ljava/lang/Void; java.desktop@9.0.4 (60 bytes) @ 0x0000011d9646d7dc [0x0000011d9646d620+0x00000000000001bc]
J 20422 c2 java.awt.EventQueue$3.run()Ljava/lang/Object; java.desktop@9.0.4 (5 bytes) @ 0x0000011d963db454 [0x0000011d963db420+0x0000000000000034]
v  ~StubRoutines::call_stub
J 4240  java.security.AccessController.doPrivileged(Ljava/security/PrivilegedAction;Ljava/security/AccessControlContext;)Ljava/lang/Object; java.base@9.0.4 (0 bytes) @ 0x0000011d9632aac6 [0x0000011d9632aa60+0x0000000000000066]
J 16341 c2 java.awt.EventQueue$4.run()Ljava/lang/Object; java.desktop@9.0.4 (5 bytes) @ 0x0000011d96f49dc0 [0x0000011d96f49b60+0x0000000000000260]
v  ~StubRoutines::call_stub
J 4240  java.security.AccessController.doPrivileged(Ljava/security/PrivilegedAction;Ljava/security/AccessControlContext;)Ljava/lang/Object; java.base@9.0.4 (0 bytes) @ 0x0000011d9632aac6 [0x0000011d9632aa60+0x0000000000000066]
J 12695 c2 ui.frmwork.b.d.dispatchEvent(Ljava/awt/AWTEvent;)V (34 bytes) @ 0x0000011d96abcba8 [0x0000011d96abc780+0x0000000000000428]
J 33711 c2 java.awt.EventDispatchThread.pumpOneEventForFilters(I)V java.desktop@9.0.4 (218 bytes) @ 0x0000011d984a6f74 [0x0000011d984a6b00+0x0000000000000474]
J 21858% c2 java.awt.EventDispatchThread.pumpEventsForFilter(ILjava/awt/Conditional;Ljava/awt/EventFilter;)V java.desktop@9.0.4 (47 bytes) @ 0x0000011d96edab58 [0x0000011d96edaa40+0x0000000000000118]
j  java.awt.EventDispatchThread.pumpEventsForHierarchy(ILjava/awt/Conditional;Ljava/awt/Component;)V+11 java.desktop@9.0.4
j  java.awt.EventDispatchThread.pumpEvents(ILjava/awt/Conditional;)V+4 java.desktop@9.0.4
j  java.awt.EventDispatchThread.pumpEvents(Ljava/awt/Conditional;)V+3 java.desktop@9.0.4
j  java.awt.EventDispatchThread.run()V+9 java.desktop@9.0.4
v  ~StubRoutines::call_stub

siginfo: EXCEPTION_ACCESS_VIOLATION (0xc0000005), data execution prevention violation at address 0x00007ffec607db50


Register to memory mapping:

RIP=0x00007ffec607db50 is an unknown value
RAX=0x00007ffec6021610 is an unknown value
RBX=0x0000001881df4df0 is pointing into the stack for thread: 0x0000011d844c1800
RCX=0x0000011dbca22f70 is an unknown value
RDX=0x0000011dc330cf80 is an unknown value
RSP=0x0000001881df4c88 is pointing into the stack for thread: 0x0000011d844c1800
RBP=0x0000001881df4db0 is pointing into the stack for thread: 0x0000011d844c1800
RSI=0x0000011dc330cf80 is an unknown value
RDI=0x0000011dbca22f70 is an unknown value
R8 =0x0000001881df4db0 is pointing into the stack for thread: 0x0000011d844c1800
R9 =0x0000001881df4df0 is pointing into the stack for thread: 0x0000011d844c1800
R10=0x0000011dc330cf90 is an unknown value
R11=0x0000011dbc4d7430 is an unknown value
R12=0x0000000000000000 is an unknown value
R13=0x0000000000000000 is an unknown value
R14=0x0000011dc330cf80 is an unknown value
R15=0x0000000000000001 is an unknown value


Registers:
RAX=0x00007ffec6021610, RBX=0x0000001881df4df0, RCX=0x0000011dbca22f70, RDX=0x0000011dc330cf80
RSP=0x0000001881df4c88, RBP=0x0000001881df4db0, RSI=0x0000011dc330cf80, RDI=0x0000011dbca22f70
R8 =0x0000001881df4db0, R9 =0x0000001881df4df0, R10=0x0000011dc330cf90, R11=0x0000011dbc4d7430
R12=0x0000000000000000, R13=0x0000000000000000, R14=0x0000011dc330cf80, R15=0x0000000000000001
RIP=0x00007ffec607db50, EFLAGS=0x0000000000010206

Top of Stack: (sp=0x0000001881df4c88)
0x0000001881df4c88:   00007ffec5d3efbc 0000011d846c1060
0x0000001881df4c98:   0000011da819ec70 0000011d00000000
0x0000001881df4ca8:   0000011df43d0000 00000000000000d8
0x0000001881df4cb8:   0000001881df4df0 0000001881df4db0
0x0000001881df4cc8:   0000011dc330cf80 fffffffffffffffe
0x0000001881df4cd8:   0000011df43d6c00 0000011df43d0cf0
0x0000001881df4ce8:   0000000000000026 0000000000000010
0x0000001881df4cf8:   0000000072516f82 0000011d844c1a18
0x0000001881df4d08:   0000000000000010 0000000000000008
0x0000001881df4d18:   0000000000000000 0000000000000002
0x0000001881df4d28:   0000000000000001 0000000000000000
0x0000001881df4d38:   0000000000000000 0000ac23ab646c2e
0x0000001881df4d48:   00007fff6c9a922b 00007ffe00000040
0x0000001881df4d58:   0000001881df4ec8 0000011dbafb2340
0x0000001881df4d68:   0000001881df4df9 0000001881df4eb0
0x0000001881df4d78:   00007ffec5d360a7 0000011d00000002 

Instructions: (pc=0x00007ffec607db50)
0x00007ffec607db30:   00 00 00 00 ff ff ff ff 00 00 00 00 40 00 00 00
0x00007ffec607db40:   00 db 46 00 00 00 00 00 00 00 00 00 00 00 00 00
0x00007ffec607db50:   01 00 00 00 00 00 00 00 00 00 00 00 40 6d 5a 00
0x00007ffec607db60:   78 db 46 00 50 db 46 00 00 00 00 00 00 00 00 00 



---------------  P R O C E S S  ---------------

Java Threads: ( => current thread )
  0x0000011dc2e2d800 JavaThread "Relaunch Simulation Thread" [_thread_blocked, id=17108, stack(0x0000001882b00000,0x0000001883000000)]
  0x0000011dc2e2e800 JavaThread "SwingWorker-pool-2-thread-1" daemon [_thread_blocked, id=16964, stack(0x0000001887800000,0x0000001887d00000)]
  0x0000011da8b62800 JavaThread "Update Runs Swing Worker Thread" [_thread_blocked, id=15752, stack(0x0000001886700000,0x0000001886c00000)]
  0x0000011d86d10000 JavaThread "Refresh Filesets Swing Worker Thread" [_thread_blocked, id=1580, stack(0x0000001884b00000,0x0000001885000000)]
  0x0000011da8b6c800 JavaThread "SyntheticaAnimation 50" daemon [_thread_blocked, id=1960, stack(0x0000001885500000,0x0000001885a00000)]
  0x0000011da8b70000 JavaThread "Image Animator 0" daemon [_thread_blocked, id=12740, stack(0x0000001886e00000,0x0000001887300000)]
  0x0000011da8b6b000 JavaThread "ForkJoinPool.commonPool-worker-1" daemon [_thread_blocked, id=7792, stack(0x0000001883a00000,0x0000001883f00000)]
  0x0000011da8b67000 JavaThread "hw_ila_monitor" [_thread_blocked, id=17164, stack(0x0000001885000000,0x0000001885500000)]
  0x0000011da8b68000 JavaThread "Swing-Shell" daemon [_thread_blocked, id=8052, stack(0x0000001881e00000,0x0000001882300000)]
  0x0000011da8b65000 JavaThread "SyntheticaAnimation 50" daemon [_thread_blocked, id=16024, stack(0x0000001880a00000,0x0000001880f00000)]
  0x0000011da8b65800 JavaThread "SyntheticaAnimation 70" daemon [_thread_blocked, id=10300, stack(0x0000001883500000,0x0000001883a00000)]
  0x0000011da8b63800 JavaThread "SyntheticaAnimation 25" daemon [_thread_blocked, id=8164, stack(0x0000001884600000,0x0000001884b00000)]
  0x0000011d86d0f000 JavaThread "SyntheticaAnimation 50" daemon [_thread_blocked, id=15028, stack(0x0000001884100000,0x0000001884600000)]
  0x0000011d86d13000 JavaThread "Monitor HEventQueue Thread" [_thread_blocked, id=9648, stack(0x0000001883000000,0x0000001883500000)]
  0x0000011d86d0e800 JavaThread "SyntheticaCleanerThread" daemon [_thread_blocked, id=7132, stack(0x0000001882300000,0x0000001882800000)]
  0x0000011d86d11800 JavaThread "Batik CleanerThread" daemon [_thread_blocked, id=17572, stack(0x0000001880f00000,0x0000001881400000)]
=>0x0000011d844c1800 JavaThread "AWT-EventQueue-1" [_thread_in_native, id=11320, stack(0x0000001881900000,0x0000001881e00000)]
  0x0000011d8483a800 JavaThread "Process Messages Thread" [_thread_blocked, id=18024, stack(0x0000001881400000,0x0000001881900000)]
  0x0000011d84a11800 JavaThread "Thread-1" [_thread_in_native, id=12752, stack(0x00000018fa900000,0x00000018fbd00000)]
  0x0000011d84904800 JavaThread "TimerQueue" daemon [_thread_blocked, id=16864, stack(0x0000001880500000,0x0000001880a00000)]
  0x0000011d83cce800 JavaThread "AWT-Windows" daemon [_thread_in_native, id=4792, stack(0x0000001880000000,0x0000001880500000)]
  0x0000011d83ccd800 JavaThread "AWT-Shutdown" [_thread_blocked, id=16988, stack(0x00000018ff800000,0x00000018ffd00000)]
  0x0000011d83c43000 JavaThread "Java2D Disposer" daemon [_thread_blocked, id=16592, stack(0x00000018ff300000,0x00000018ff800000)]
  0x0000011d83ef4800 JavaThread "Service Thread" daemon [_thread_blocked, id=4524, stack(0x00000018fed00000,0x00000018ff200000)]
  0x0000011d82ed4000 JavaThread "Common-Cleaner" daemon [_thread_blocked, id=2652, stack(0x00000018fe800000,0x00000018fed00000)]
  0x0000011d86d13800 JavaThread "Sweeper thread" daemon [_thread_blocked, id=5764, stack(0x00000018fe300000,0x00000018fe800000)]
  0x0000011d82387000 JavaThread "C1 CompilerThread2" daemon [_thread_blocked, id=16352, stack(0x00000018fe200000,0x00000018fe300000)]
  0x0000011d82386000 JavaThread "C2 CompilerThread1" daemon [_thread_blocked, id=2236, stack(0x00000018fe100000,0x00000018fe200000)]
  0x0000011d82385800 JavaThread "C2 CompilerThread0" daemon [_thread_blocked, id=16980, stack(0x00000018fe000000,0x00000018fe100000)]
  0x0000011d83563800 JavaThread "Attach Listener" daemon [_thread_blocked, id=16424, stack(0x00000018fdb00000,0x00000018fe000000)]
  0x0000011d8024c800 JavaThread "Signal Dispatcher" daemon [_thread_blocked, id=6148, stack(0x00000018fd600000,0x00000018fdb00000)]
  0x0000011d83675000 JavaThread "Finalizer" daemon [_thread_blocked, id=16168, stack(0x00000018fd100000,0x00000018fd600000)]
  0x0000011d83674800 JavaThread "Reference Handler" daemon [_thread_blocked, id=1248, stack(0x00000018fcc00000,0x00000018fd100000)]
  0x0000011dfb8b5800 JavaThread "main" [_thread_blocked, id=18112, stack(0x00000018fa800000,0x00000018fa900000)]

Other Threads:
  0x0000011d87a83000 VMThread "VM Thread" [stack: 0x00000018fcb00000,0x00000018fcc00000] [id=15376]
  0x0000011d823ca800 WatcherThread [stack: 0x00000018ff200000,0x00000018ff300000] [id=10380]
  0x0000011d8397f000 GCTaskThread "GC Thread#0" [stack: 0x00000018fc000000,0x00000018fc100000] [id=17488]
  0x0000011d808e8800 GCTaskThread "GC Thread#1" [stack: 0x00000018fc100000,0x00000018fc200000] [id=16848]
  0x0000011d82f2d800 GCTaskThread "GC Thread#2" [stack: 0x00000018fc200000,0x00000018fc300000] [id=12008]
  0x0000011dfb8bd800 GCTaskThread "GC Thread#3" [stack: 0x00000018fc300000,0x00000018fc400000] [id=14948]
  0x0000011d807e1800 ConcurrentGCThread "G1 Main Marker" [stack: 0x00000018fc900000,0x00000018fca00000] [id=19176]
  0x0000011d82f34800 ConcurrentGCThread "G1 Marker#0" [stack: 0x00000018fca00000,0x00000018fcb00000] [id=5444]
  0x0000011d807e0800 ConcurrentGCThread "G1 Refine#0" [stack: 0x00000018fc700000,0x00000018fc800000] [id=3608]
  0x0000011d874c2000 ConcurrentGCThread "G1 Refine#1" [stack: 0x00000018fc600000,0x00000018fc700000] [id=10356]
  0x0000011d874c1800 ConcurrentGCThread "G1 Refine#2" [stack: 0x00000018fc500000,0x00000018fc600000] [id=2716]
  0x0000011d87314800 ConcurrentGCThread "G1 Refine#3" [stack: 0x00000018fc400000,0x00000018fc500000] [id=16236]
  0x0000011d807e1000 ConcurrentGCThread "G1 Young RemSet Sampling" [stack: 0x00000018fc800000,0x00000018fc900000] [id=18264]

Threads with active compile tasks:

VM state:not at safepoint (normal execution)

VM Mutex/Monitor currently owned by a thread: None

Heap address: 0x0000000700000000, size: 3072 MB, Compressed Oops mode: Zero based, Oop shift amount: 3
Narrow klass base: 0x0000000000000000, Narrow klass shift: 3
Compressed class space size: 1073741824 Address: 0x00000007c0000000

Heap:
 garbage-first heap   total 346112K, used 242484K [0x0000000700000000, 0x0000000700100a90, 0x00000007c0000000)
  region size 1024K, 39 young (39936K), 1 survivors (1024K)
 Metaspace       used 97510K, capacity 99893K, committed 108232K, reserved 1142784K
  class space    used 13371K, capacity 13855K, committed 15560K, reserved 1048576K
Heap Regions: E=young(eden), S=young(survivor), O=old, HS=humongous(starts), HC=humongous(continues), CS=collection set, F=free, A=archive, TS=gc time stamp, AC=allocation context, TAMS=top-at-mark-start (previous, next)
|   0|0x0000000700000000, 0x00000007000c55f0, 0x0000000700100000| 77%| O|  |TS  0|AC  0|TAMS 0x00000007000c55f0, 0x00000007000c55f0|
|   1|0x0000000700100000, 0x00000007001eaa48, 0x0000000700200000| 91%| O|  |TS  0|AC  0|TAMS 0x00000007001eaa48, 0x00000007001eaa48|
|   2|0x0000000700200000, 0x00000007002f8958, 0x0000000700300000| 97%| O|  |TS  0|AC  0|TAMS 0x00000007002f8958, 0x00000007002f8958|
|   3|0x0000000700300000, 0x00000007003f9c00, 0x0000000700400000| 97%| O|  |TS  0|AC  0|TAMS 0x00000007003f9c00, 0x00000007003f9c00|
|   4|0x0000000700400000, 0x0000000700500000, 0x0000000700500000|100%|HS|  |TS  0|AC  0|TAMS 0x0000000700500000, 0x0000000700500000|
|   5|0x0000000700500000, 0x0000000700600000, 0x0000000700600000|100%|HC|  |TS  0|AC  0|TAMS 0x0000000700600000, 0x0000000700600000|
|   6|0x0000000700600000, 0x0000000700700000, 0x0000000700700000|100%|HS|  |TS  0|AC  0|TAMS 0x0000000700700000, 0x0000000700700000|
|   7|0x0000000700700000, 0x00000007007fcbe8, 0x0000000700800000| 98%| O|  |TS  0|AC  0|TAMS 0x00000007007fcbe8, 0x00000007007fcbe8|
|   8|0x0000000700800000, 0x00000007008ccdc8, 0x0000000700900000| 80%| O|  |TS  0|AC  0|TAMS 0x00000007008ccdc8, 0x00000007008ccdc8|
|   9|0x0000000700900000, 0x0000000700a00000, 0x0000000700a00000|100%| O|  |TS  0|AC  0|TAMS 0x0000000700a00000, 0x0000000700a00000|
|  10|0x0000000700a00000, 0x0000000700afffc0, 0x0000000700b00000| 99%| O|  |TS  0|AC  0|TAMS 0x0000000700afffc0, 0x0000000700afffc0|
|  11|0x0000000700b00000, 0x0000000700bffff8, 0x0000000700c00000| 99%| O|  |TS  0|AC  0|TAMS 0x0000000700bffff8, 0x0000000700bffff8|
|  12|0x0000000700c00000, 0x0000000700cfff48, 0x0000000700d00000| 99%| O|  |TS  0|AC  0|TAMS 0x0000000700cfff48, 0x0000000700cfff48|
|  13|0x0000000700d00000, 0x0000000700e00000, 0x0000000700e00000|100%| O|  |TS  0|AC  0|TAMS 0x0000000700e00000, 0x0000000700e00000|
|  14|0x0000000700e00000, 0x0000000700ef7b00, 0x0000000700f00000| 96%| O|  |TS  0|AC  0|TAMS 0x0000000700ef7b00, 0x0000000700ef7b00|
|  15|0x0000000700f00000, 0x0000000700ffffa8, 0x0000000701000000| 99%| O|  |TS  0|AC  0|TAMS 0x0000000700ffffa8, 0x0000000700ffffa8|
|  16|0x0000000701000000, 0x0000000701100000, 0x0000000701100000|100%| O|  |TS  0|AC  0|TAMS 0x0000000701100000, 0x0000000701100000|
|  17|0x0000000701100000, 0x00000007011d9218, 0x0000000701200000| 84%| O|  |TS  0|AC  0|TAMS 0x00000007011d9218, 0x00000007011d9218|
|  18|0x0000000701200000, 0x00000007012fe3a8, 0x0000000701300000| 99%| O|  |TS  0|AC  0|TAMS 0x00000007012fe3a8, 0x00000007012fe3a8|
|  19|0x0000000701300000, 0x00000007013ffff0, 0x0000000701400000| 99%| O|  |TS  0|AC  0|TAMS 0x00000007013ffff0, 0x00000007013ffff0|
|  20|0x0000000701400000, 0x00000007014ffff0, 0x0000000701500000| 99%| O|  |TS  0|AC  0|TAMS 0x00000007014ffff0, 0x00000007014ffff0|
|  21|0x0000000701500000, 0x00000007015fffe8, 0x0000000701600000| 99%| O|  |TS  0|AC  0|TAMS 0x00000007015fffe8, 0x00000007015fffe8|
|  22|0x0000000701600000, 0x00000007016ffff0, 0x0000000701700000| 99%| O|  |TS  0|AC  0|TAMS 0x00000007016ffff0, 0x00000007016ffff0|
|  23|0x0000000701700000, 0x0000000701800000, 0x0000000701800000|100%| O|  |TS  0|AC  0|TAMS 0x0000000701800000, 0x0000000701800000|
|  24|0x0000000701800000, 0x00000007018fff70, 0x0000000701900000| 99%| O|  |TS  0|AC  0|TAMS 0x00000007018fff70, 0x00000007018fff70|
|  25|0x0000000701900000, 0x00000007019fff18, 0x0000000701a00000| 99%| O|  |TS  0|AC  0|TAMS 0x00000007019fff18, 0x00000007019fff18|
|  26|0x0000000701a00000, 0x0000000701afffe0, 0x0000000701b00000| 99%| O|  |TS  0|AC  0|TAMS 0x0000000701afffe0, 0x0000000701afffe0|
|  27|0x0000000701b00000, 0x0000000701bfffd0, 0x0000000701c00000| 99%| O|  |TS  0|AC  0|TAMS 0x0000000701bfffd0, 0x0000000701bfffd0|
|  28|0x0000000701c00000, 0x0000000701cfffe8, 0x0000000701d00000| 99%| O|  |TS  0|AC  0|TAMS 0x0000000701cfffe8, 0x0000000701cfffe8|
|  29|0x0000000701d00000, 0x0000000701dffff8, 0x0000000701e00000| 99%| O|  |TS  0|AC  0|TAMS 0x0000000701dffff8, 0x0000000701dffff8|
|  30|0x0000000701e00000, 0x0000000701effff0, 0x0000000701f00000| 99%| O|  |TS  0|AC  0|TAMS 0x0000000701effff0, 0x0000000701effff0|
|  31|0x0000000701f00000, 0x0000000701fcf858, 0x0000000702000000| 81%| O|  |TS  0|AC  0|TAMS 0x0000000701fcf858, 0x0000000701fcf858|
|  32|0x0000000702000000, 0x00000007020fffe8, 0x0000000702100000| 99%| O|  |TS  0|AC  0|TAMS 0x00000007020fffe8, 0x00000007020fffe8|
|  33|0x0000000702100000, 0x00000007021ffff0, 0x0000000702200000| 99%| O|  |TS  0|AC  0|TAMS 0x00000007021ffff0, 0x00000007021ffff0|
|  34|0x0000000702200000, 0x00000007022fffb8, 0x0000000702300000| 99%| O|  |TS  0|AC  0|TAMS 0x00000007022fffb8, 0x00000007022fffb8|
|  35|0x0000000702300000, 0x00000007023ffee0, 0x0000000702400000| 99%| O|  |TS  0|AC  0|TAMS 0x00000007023ffee0, 0x00000007023ffee0|
|  36|0x0000000702400000, 0x00000007024ffff8, 0x0000000702500000| 99%| O|  |TS  0|AC  0|TAMS 0x00000007024ffff8, 0x00000007024ffff8|
|  37|0x0000000702500000, 0x00000007025ffff0, 0x0000000702600000| 99%| O|  |TS  0|AC  0|TAMS 0x00000007025ffff0, 0x00000007025ffff0|
|  38|0x0000000702600000, 0x00000007026ffff8, 0x0000000702700000| 99%| O|  |TS  0|AC  0|TAMS 0x00000007026ffff8, 0x00000007026ffff8|
|  39|0x0000000702700000, 0x00000007027fffe8, 0x0000000702800000| 99%| O|  |TS  0|AC  0|TAMS 0x00000007027fffe8, 0x00000007027fffe8|
|  40|0x0000000702800000, 0x0000000702900000, 0x0000000702900000|100%| O|  |TS  0|AC  0|TAMS 0x0000000702900000, 0x0000000702900000|
|  41|0x0000000702900000, 0x0000000702a00000, 0x0000000702a00000|100%| O|  |TS  0|AC  0|TAMS 0x0000000702a00000, 0x0000000702a00000|
|  42|0x0000000702a00000, 0x0000000702affff8, 0x0000000702b00000| 99%| O|  |TS  0|AC  0|TAMS 0x0000000702affff8, 0x0000000702affff8|
|  43|0x0000000702b00000, 0x0000000702bffff0, 0x0000000702c00000| 99%| O|  |TS  0|AC  0|TAMS 0x0000000702bffff0, 0x0000000702bffff0|
|  44|0x0000000702c00000, 0x0000000702cfffe8, 0x0000000702d00000| 99%| O|  |TS  0|AC  0|TAMS 0x0000000702cfffe8, 0x0000000702cfffe8|
|  45|0x0000000702d00000, 0x0000000702dfe698, 0x0000000702e00000| 99%| O|  |TS  0|AC  0|TAMS 0x0000000702dfe698, 0x0000000702dfe698|
|  46|0x0000000702e00000, 0x0000000702effff0, 0x0000000702f00000| 99%| O|  |TS  0|AC  0|TAMS 0x0000000702effff0, 0x0000000702effff0|
|  47|0x0000000702f00000, 0x0000000702ffffc8, 0x0000000703000000| 99%| O|  |TS  0|AC  0|TAMS 0x0000000702ffffc8, 0x0000000702ffffc8|
|  48|0x0000000703000000, 0x00000007030ffff8, 0x0000000703100000| 99%| O|  |TS  0|AC  0|TAMS 0x00000007030ffff8, 0x00000007030ffff8|
|  49|0x0000000703100000, 0x00000007031ffff0, 0x0000000703200000| 99%| O|  |TS  0|AC  0|TAMS 0x00000007031ffff0, 0x00000007031ffff0|
|  50|0x0000000703200000, 0x00000007032fff58, 0x0000000703300000| 99%| O|  |TS  0|AC  0|TAMS 0x00000007032fff58, 0x00000007032fff58|
|  51|0x0000000703300000, 0x0000000703400000, 0x0000000703400000|100%| O|  |TS  0|AC  0|TAMS 0x0000000703400000, 0x0000000703400000|
|  52|0x0000000703400000, 0x00000007034fdbe0, 0x0000000703500000| 99%| O|  |TS  0|AC  0|TAMS 0x00000007034fdbe0, 0x00000007034fdbe0|
|  53|0x0000000703500000, 0x00000007035fee50, 0x0000000703600000| 99%| O|  |TS  0|AC  0|TAMS 0x00000007035fee50, 0x00000007035fee50|
|  54|0x0000000703600000, 0x0000000703700000, 0x0000000703700000|100%| O|  |TS  0|AC  0|TAMS 0x0000000703700000, 0x0000000703700000|
|  55|0x0000000703700000, 0x00000007037ffff8, 0x0000000703800000| 99%| O|  |TS  0|AC  0|TAMS 0x00000007037ffff8, 0x00000007037ffff8|
|  56|0x0000000703800000, 0x00000007038ffff0, 0x0000000703900000| 99%| O|  |TS  0|AC  0|TAMS 0x00000007038ffff0, 0x00000007038ffff0|
|  57|0x0000000703900000, 0x00000007039ffff0, 0x0000000703a00000| 99%| O|  |TS  0|AC  0|TAMS 0x00000007039ffff0, 0x00000007039ffff0|
|  58|0x0000000703a00000, 0x0000000703affff8, 0x0000000703b00000| 99%| O|  |TS  0|AC  0|TAMS 0x0000000703affff8, 0x0000000703affff8|
|  59|0x0000000703b00000, 0x0000000703bfff08, 0x0000000703c00000| 99%| O|  |TS  0|AC  0|TAMS 0x0000000703bfff08, 0x0000000703bfff08|
|  60|0x0000000703c00000, 0x0000000703d00000, 0x0000000703d00000|100%| O|  |TS  0|AC  0|TAMS 0x0000000703d00000, 0x0000000703d00000|
|  61|0x0000000703d00000, 0x0000000703dfffe0, 0x0000000703e00000| 99%| O|  |TS  0|AC  0|TAMS 0x0000000703dfffe0, 0x0000000703dfffe0|
|  62|0x0000000703e00000, 0x0000000703effff0, 0x0000000703f00000| 99%| O|  |TS  0|AC  0|TAMS 0x0000000703effff0, 0x0000000703effff0|
|  63|0x0000000703f00000, 0x0000000703fffff8, 0x0000000704000000| 99%| O|  |TS  0|AC  0|TAMS 0x0000000703fffff8, 0x0000000703fffff8|
|  64|0x0000000704000000, 0x0000000704100000, 0x0000000704100000|100%| O|  |TS  0|AC  0|TAMS 0x0000000704100000, 0x0000000704100000|
|  65|0x0000000704100000, 0x00000007041fffd0, 0x0000000704200000| 99%| O|  |TS  0|AC  0|TAMS 0x00000007041fffd0, 0x00000007041fffd0|
|  66|0x0000000704200000, 0x0000000704300000, 0x0000000704300000|100%| O|  |TS  0|AC  0|TAMS 0x0000000704300000, 0x0000000704300000|
|  67|0x0000000704300000, 0x00000007043fffd0, 0x0000000704400000| 99%| O|  |TS  0|AC  0|TAMS 0x00000007043fffd0, 0x00000007043fffd0|
|  68|0x0000000704400000, 0x0000000704500000, 0x0000000704500000|100%| O|  |TS  0|AC  0|TAMS 0x0000000704500000, 0x0000000704500000|
|  69|0x0000000704500000, 0x00000007045ffff8, 0x0000000704600000| 99%| O|  |TS  0|AC  0|TAMS 0x00000007045ffff8, 0x00000007045ffff8|
|  70|0x0000000704600000, 0x00000007046fffe8, 0x0000000704700000| 99%| O|  |TS  0|AC  0|TAMS 0x00000007046fffe8, 0x00000007046fffe8|
|  71|0x0000000704700000, 0x00000007047ffff0, 0x0000000704800000| 99%| O|  |TS  0|AC  0|TAMS 0x00000007047ffff0, 0x00000007047ffff0|
|  72|0x0000000704800000, 0x0000000704900000, 0x0000000704900000|100%| O|  |TS  0|AC  0|TAMS 0x0000000704900000, 0x0000000704900000|
|  73|0x0000000704900000, 0x0000000704a00000, 0x0000000704a00000|100%| O|  |TS  0|AC  0|TAMS 0x0000000704a00000, 0x0000000704a00000|
|  74|0x0000000704a00000, 0x0000000704afffb0, 0x0000000704b00000| 99%| O|  |TS  0|AC  0|TAMS 0x0000000704afffb0, 0x0000000704afffb0|
|  75|0x0000000704b00000, 0x0000000704bfffd0, 0x0000000704c00000| 99%| O|  |TS  0|AC  0|TAMS 0x0000000704bfffd0, 0x0000000704bfffd0|
|  76|0x0000000704c00000, 0x0000000704cffeb8, 0x0000000704d00000| 99%| O|  |TS  0|AC  0|TAMS 0x0000000704cffeb8, 0x0000000704cffeb8|
|  77|0x0000000704d00000, 0x0000000704dfffd8, 0x0000000704e00000| 99%| O|  |TS  0|AC  0|TAMS 0x0000000704dfffd8, 0x0000000704dfffd8|
|  78|0x0000000704e00000, 0x0000000704efffa0, 0x0000000704f00000| 99%| O|  |TS  0|AC  0|TAMS 0x0000000704efffa0, 0x0000000704efffa0|
|  79|0x0000000704f00000, 0x0000000704ffffe8, 0x0000000705000000| 99%| O|  |TS  0|AC  0|TAMS 0x0000000704ffffe8, 0x0000000704ffffe8|
|  80|0x0000000705000000, 0x00000007050ff350, 0x0000000705100000| 99%| O|  |TS  0|AC  0|TAMS 0x00000007050ff350, 0x00000007050ff350|
|  81|0x0000000705100000, 0x00000007051fffe0, 0x0000000705200000| 99%| O|  |TS  0|AC  0|TAMS 0x00000007051fffe0, 0x00000007051fffe0|
|  82|0x0000000705200000, 0x00000007052ffff8, 0x0000000705300000| 99%| O|  |TS  0|AC  0|TAMS 0x00000007052ffff8, 0x00000007052ffff8|
|  83|0x0000000705300000, 0x0000000705400000, 0x0000000705400000|100%| O|  |TS  0|AC  0|TAMS 0x0000000705400000, 0x0000000705400000|
|  84|0x0000000705400000, 0x00000007054ffff8, 0x0000000705500000| 99%| O|  |TS  0|AC  0|TAMS 0x00000007054ffff8, 0x00000007054ffff8|
|  85|0x0000000705500000, 0x00000007055ffff8, 0x0000000705600000| 99%| O|  |TS  0|AC  0|TAMS 0x00000007055ffff8, 0x00000007055ffff8|
|  86|0x0000000705600000, 0x0000000705700000, 0x0000000705700000|100%| O|  |TS  0|AC  0|TAMS 0x0000000705700000, 0x0000000705700000|
|  87|0x0000000705700000, 0x00000007057fffb8, 0x0000000705800000| 99%| O|  |TS  0|AC  0|TAMS 0x00000007057fffb8, 0x00000007057fffb8|
|  88|0x0000000705800000, 0x0000000705900000, 0x0000000705900000|100%| O|  |TS  0|AC  0|TAMS 0x0000000705900000, 0x0000000705900000|
|  89|0x0000000705900000, 0x00000007059fffa0, 0x0000000705a00000| 99%| O|  |TS  0|AC  0|TAMS 0x00000007059fffa0, 0x00000007059fffa0|
|  90|0x0000000705a00000, 0x0000000705afffe0, 0x0000000705b00000| 99%| O|  |TS  0|AC  0|TAMS 0x0000000705afffe0, 0x0000000705afffe0|
|  91|0x0000000705b00000, 0x0000000705bfc468, 0x0000000705c00000| 98%| O|  |TS  0|AC  0|TAMS 0x0000000705bfc468, 0x0000000705bfc468|
|  92|0x0000000705c00000, 0x0000000705d00000, 0x0000000705d00000|100%| O|  |TS  0|AC  0|TAMS 0x0000000705d00000, 0x0000000705d00000|
|  93|0x0000000705d00000, 0x0000000705e00000, 0x0000000705e00000|100%| O|  |TS  0|AC  0|TAMS 0x0000000705e00000, 0x0000000705e00000|
|  94|0x0000000705e00000, 0x0000000705effff8, 0x0000000705f00000| 99%| O|  |TS  0|AC  0|TAMS 0x0000000705effff8, 0x0000000705effff8|
|  95|0x0000000705f00000, 0x0000000705ffffe0, 0x0000000706000000| 99%| O|  |TS  0|AC  0|TAMS 0x0000000705ffffe0, 0x0000000705ffffe0|
|  96|0x0000000706000000, 0x00000007060fff80, 0x0000000706100000| 99%| O|  |TS  0|AC  0|TAMS 0x00000007060fff80, 0x00000007060fff80|
|  97|0x0000000706100000, 0x00000007061fffc8, 0x0000000706200000| 99%| O|  |TS  0|AC  0|TAMS 0x00000007061fffc8, 0x00000007061fffc8|
|  98|0x0000000706200000, 0x00000007062ff6d0, 0x0000000706300000| 99%| O|  |TS  0|AC  0|TAMS 0x00000007062ff6d0, 0x00000007062ff6d0|
|  99|0x0000000706300000, 0x00000007063fffd0, 0x0000000706400000| 99%| O|  |TS  0|AC  0|TAMS 0x00000007063fffd0, 0x00000007063fffd0|
| 100|0x0000000706400000, 0x00000007064ffff0, 0x0000000706500000| 99%| O|  |TS  0|AC  0|TAMS 0x00000007064ffff0, 0x00000007064ffff0|
| 101|0x0000000706500000, 0x00000007065ff5a8, 0x0000000706600000| 99%| O|  |TS  0|AC  0|TAMS 0x00000007065ff5a8, 0x00000007065ff5a8|
| 102|0x0000000706600000, 0x00000007066ffff0, 0x0000000706700000| 99%| O|  |TS  0|AC  0|TAMS 0x00000007066ffff0, 0x00000007066ffff0|
| 103|0x0000000706700000, 0x0000000706800000, 0x0000000706800000|100%| O|  |TS  0|AC  0|TAMS 0x0000000706800000, 0x0000000706800000|
| 104|0x0000000706800000, 0x00000007068ffef8, 0x0000000706900000| 99%| O|  |TS  0|AC  0|TAMS 0x00000007068ffef8, 0x00000007068ffef8|
| 105|0x0000000706900000, 0x00000007069ffee0, 0x0000000706a00000| 99%| O|  |TS  0|AC  0|TAMS 0x00000007069ffee0, 0x00000007069ffee0|
| 106|0x0000000706a00000, 0x0000000706afff08, 0x0000000706b00000| 99%| O|  |TS  0|AC  0|TAMS 0x0000000706afff08, 0x0000000706afff08|
| 107|0x0000000706b00000, 0x0000000706c00000, 0x0000000706c00000|100%| O|  |TS  0|AC  0|TAMS 0x0000000706c00000, 0x0000000706c00000|
| 108|0x0000000706c00000, 0x0000000706d00000, 0x0000000706d00000|100%| O|  |TS  0|AC  0|TAMS 0x0000000706d00000, 0x0000000706d00000|
| 109|0x0000000706d00000, 0x0000000706dffff8, 0x0000000706e00000| 99%| O|  |TS  0|AC  0|TAMS 0x0000000706dffff8, 0x0000000706dffff8|
| 110|0x0000000706e00000, 0x0000000706effff8, 0x0000000706f00000| 99%| O|  |TS  0|AC  0|TAMS 0x0000000706effff8, 0x0000000706effff8|
| 111|0x0000000706f00000, 0x0000000706fffff8, 0x0000000707000000| 99%| O|  |TS  0|AC  0|TAMS 0x0000000706fffff8, 0x0000000706fffff8|
| 112|0x0000000707000000, 0x0000000707100000, 0x0000000707100000|100%|HS|  |TS  0|AC  0|TAMS 0x0000000707100000, 0x0000000707100000|
| 113|0x0000000707100000, 0x0000000707200000, 0x0000000707200000|100%|HC|  |TS  0|AC  0|TAMS 0x0000000707200000, 0x0000000707200000|
| 114|0x0000000707200000, 0x0000000707300000, 0x0000000707300000|100%|HC|  |TS  0|AC  0|TAMS 0x0000000707300000, 0x0000000707300000|
| 115|0x0000000707300000, 0x0000000707400000, 0x0000000707400000|100%|HC|  |TS  0|AC  0|TAMS 0x0000000707400000, 0x0000000707400000|
| 116|0x0000000707400000, 0x0000000707500000, 0x0000000707500000|100%|HC|  |TS  0|AC  0|TAMS 0x0000000707500000, 0x0000000707500000|
| 117|0x0000000707500000, 0x0000000707600000, 0x0000000707600000|100%|HC|  |TS  0|AC  0|TAMS 0x0000000707600000, 0x0000000707600000|
| 118|0x0000000707600000, 0x0000000707700000, 0x0000000707700000|100%|HC|  |TS  0|AC  0|TAMS 0x0000000707700000, 0x0000000707700000|
| 119|0x0000000707700000, 0x0000000707800000, 0x0000000707800000|100%|HC|  |TS  0|AC  0|TAMS 0x0000000707800000, 0x0000000707800000|
| 120|0x0000000707800000, 0x0000000707900000, 0x0000000707900000|100%| O|  |TS  0|AC  0|TAMS 0x0000000707900000, 0x0000000707900000|
| 121|0x0000000707900000, 0x00000007079fffd8, 0x0000000707a00000| 99%| O|  |TS  0|AC  0|TAMS 0x00000007079fffd8, 0x00000007079fffd8|
| 122|0x0000000707a00000, 0x0000000707affff8, 0x0000000707b00000| 99%| O|  |TS  0|AC  0|TAMS 0x0000000707affff8, 0x0000000707affff8|
| 123|0x0000000707b00000, 0x0000000707bffff0, 0x0000000707c00000| 99%| O|  |TS  0|AC  0|TAMS 0x0000000707bffff0, 0x0000000707bffff0|
| 124|0x0000000707c00000, 0x0000000707cffff0, 0x0000000707d00000| 99%| O|  |TS  0|AC  0|TAMS 0x0000000707cffff0, 0x0000000707cffff0|
| 125|0x0000000707d00000, 0x0000000707e00000, 0x0000000707e00000|100%| O|  |TS  0|AC  0|TAMS 0x0000000707e00000, 0x0000000707e00000|
| 126|0x0000000707e00000, 0x0000000707f00000, 0x0000000707f00000|100%| O|  |TS  0|AC  0|TAMS 0x0000000707f00000, 0x0000000707f00000|
| 127|0x0000000707f00000, 0x0000000708000000, 0x0000000708000000|100%| O|  |TS  0|AC  0|TAMS 0x0000000708000000, 0x0000000708000000|
| 128|0x0000000708000000, 0x00000007080fff38, 0x0000000708100000| 99%| O|  |TS  0|AC  0|TAMS 0x00000007080fff38, 0x00000007080fff38|
| 129|0x0000000708100000, 0x00000007081ffec8, 0x0000000708200000| 99%| O|  |TS  0|AC  0|TAMS 0x00000007081ffec8, 0x00000007081ffec8|
| 130|0x0000000708200000, 0x00000007082fffe0, 0x0000000708300000| 99%| O|  |TS  0|AC  0|TAMS 0x00000007082fffe0, 0x00000007082fffe0|
| 131|0x0000000708300000, 0x00000007083fffb0, 0x0000000708400000| 99%| O|  |TS  0|AC  0|TAMS 0x00000007083fffb0, 0x00000007083fffb0|
| 132|0x0000000708400000, 0x00000007084ffff8, 0x0000000708500000| 99%| O|  |TS  0|AC  0|TAMS 0x00000007084ffff8, 0x00000007084ffff8|
| 133|0x0000000708500000, 0x00000007085ffff0, 0x0000000708600000| 99%| O|  |TS  0|AC  0|TAMS 0x00000007085ffff0, 0x00000007085ffff0|
| 134|0x0000000708600000, 0x0000000708700000, 0x0000000708700000|100%| O|  |TS  0|AC  0|TAMS 0x0000000708700000, 0x0000000708700000|
| 135|0x0000000708700000, 0x00000007087ffff0, 0x0000000708800000| 99%| O|  |TS  0|AC  0|TAMS 0x00000007087ffff0, 0x00000007087ffff0|
| 136|0x0000000708800000, 0x0000000708900000, 0x0000000708900000|100%| O|  |TS  0|AC  0|TAMS 0x0000000708900000, 0x0000000708900000|
| 137|0x0000000708900000, 0x00000007089fffc8, 0x0000000708a00000| 99%| O|  |TS  0|AC  0|TAMS 0x00000007089fffc8, 0x00000007089fffc8|
| 138|0x0000000708a00000, 0x0000000708afffe8, 0x0000000708b00000| 99%| O|  |TS  0|AC  0|TAMS 0x0000000708afffe8, 0x0000000708afffe8|
| 139|0x0000000708b00000, 0x0000000708bffff8, 0x0000000708c00000| 99%| O|  |TS  0|AC  0|TAMS 0x0000000708bffff8, 0x0000000708bffff8|
| 140|0x0000000708c00000, 0x0000000708d00000, 0x0000000708d00000|100%| O|  |TS  0|AC  0|TAMS 0x0000000708d00000, 0x0000000708d00000|
| 141|0x0000000708d00000, 0x0000000708dfffe0, 0x0000000708e00000| 99%| O|  |TS  0|AC  0|TAMS 0x0000000708dfffe0, 0x0000000708dfffe0|
| 142|0x0000000708e00000, 0x0000000708f00000, 0x0000000708f00000|100%| O|  |TS  0|AC  0|TAMS 0x0000000708f00000, 0x0000000708f00000|
| 143|0x0000000708f00000, 0x0000000708fffff0, 0x0000000709000000| 99%| O|  |TS  0|AC  0|TAMS 0x0000000708fffff0, 0x0000000708fffff0|
| 144|0x0000000709000000, 0x00000007090ffff0, 0x0000000709100000| 99%| O|  |TS  0|AC  0|TAMS 0x00000007090ffff0, 0x00000007090ffff0|
| 145|0x0000000709100000, 0x00000007091ffff8, 0x0000000709200000| 99%| O|  |TS  0|AC  0|TAMS 0x00000007091ffff8, 0x00000007091ffff8|
| 146|0x0000000709200000, 0x00000007092fffe0, 0x0000000709300000| 99%| O|  |TS  0|AC  0|TAMS 0x00000007092fffe0, 0x00000007092fffe0|
| 147|0x0000000709300000, 0x00000007093fffe8, 0x0000000709400000| 99%| O|  |TS  0|AC  0|TAMS 0x00000007093fffe8, 0x00000007093fffe8|
| 148|0x0000000709400000, 0x00000007094fffe8, 0x0000000709500000| 99%| O|  |TS  0|AC  0|TAMS 0x00000007094fffe8, 0x00000007094fffe8|
| 149|0x0000000709500000, 0x0000000709600000, 0x0000000709600000|100%| O|  |TS  0|AC  0|TAMS 0x0000000709600000, 0x0000000709600000|
| 150|0x0000000709600000, 0x00000007096ffff8, 0x0000000709700000| 99%| O|  |TS  0|AC  0|TAMS 0x00000007096ffff8, 0x00000007096ffff8|
| 151|0x0000000709700000, 0x0000000709800000, 0x0000000709800000|100%| O|  |TS  0|AC  0|TAMS 0x0000000709800000, 0x0000000709800000|
| 152|0x0000000709800000, 0x00000007098ffff8, 0x0000000709900000| 99%| O|  |TS  0|AC  0|TAMS 0x00000007098ffff8, 0x00000007098ffff8|
| 153|0x0000000709900000, 0x00000007099ffff8, 0x0000000709a00000| 99%| O|  |TS  0|AC  0|TAMS 0x00000007099ffff8, 0x00000007099ffff8|
| 154|0x0000000709a00000, 0x0000000709affff8, 0x0000000709b00000| 99%| O|  |TS  0|AC  0|TAMS 0x0000000709affff8, 0x0000000709affff8|
| 155|0x0000000709b00000, 0x0000000709bfe4f0, 0x0000000709c00000| 99%| O|  |TS  0|AC  0|TAMS 0x0000000709bfe4f0, 0x0000000709bfe4f0|
| 156|0x0000000709c00000, 0x0000000709cfffe0, 0x0000000709d00000| 99%| O|  |TS  0|AC  0|TAMS 0x0000000709cfffe0, 0x0000000709cfffe0|
| 157|0x0000000709d00000, 0x0000000709dffff8, 0x0000000709e00000| 99%| O|  |TS  0|AC  0|TAMS 0x0000000709dffff8, 0x0000000709dffff8|
| 158|0x0000000709e00000, 0x0000000709efffc8, 0x0000000709f00000| 99%| O|  |TS  0|AC  0|TAMS 0x0000000709efffc8, 0x0000000709efffc8|
| 159|0x0000000709f00000, 0x0000000709fffff8, 0x000000070a000000| 99%| O|  |TS  0|AC  0|TAMS 0x0000000709fffff8, 0x0000000709fffff8|
| 160|0x000000070a000000, 0x000000070a0fffe8, 0x000000070a100000| 99%| O|  |TS  0|AC  0|TAMS 0x000000070a0fffe8, 0x000000070a0fffe8|
| 161|0x000000070a100000, 0x000000070a1fffd0, 0x000000070a200000| 99%| O|  |TS  0|AC  0|TAMS 0x000000070a1fffd0, 0x000000070a1fffd0|
| 162|0x000000070a200000, 0x000000070a2fff20, 0x000000070a300000| 99%| O|  |TS  0|AC  0|TAMS 0x000000070a2fff20, 0x000000070a2fff20|
| 163|0x000000070a300000, 0x000000070a3ffe90, 0x000000070a400000| 99%| O|  |TS  0|AC  0|TAMS 0x000000070a3ffe90, 0x000000070a3ffe90|
| 164|0x000000070a400000, 0x000000070a4fff70, 0x000000070a500000| 99%| O|  |TS  0|AC  0|TAMS 0x000000070a4fff70, 0x000000070a4fff70|
| 165|0x000000070a500000, 0x000000070a5fffe8, 0x000000070a600000| 99%| O|  |TS  0|AC  0|TAMS 0x000000070a5fffe8, 0x000000070a5fffe8|
| 166|0x000000070a600000, 0x000000070a6ffe18, 0x000000070a700000| 99%| O|  |TS  0|AC  0|TAMS 0x000000070a6ffe18, 0x000000070a6ffe18|
| 167|0x000000070a700000, 0x000000070a7fff40, 0x000000070a800000| 99%| O|  |TS  0|AC  0|TAMS 0x000000070a7fff40, 0x000000070a7fff40|
| 168|0x000000070a800000, 0x000000070a900000, 0x000000070a900000|100%| O|  |TS  0|AC  0|TAMS 0x000000070a900000, 0x000000070a900000|
| 169|0x000000070a900000, 0x000000070a9fff38, 0x000000070aa00000| 99%| O|  |TS  0|AC  0|TAMS 0x000000070a9fff38, 0x000000070a9fff38|
| 170|0x000000070aa00000, 0x000000070ab00000, 0x000000070ab00000|100%| O|  |TS  0|AC  0|TAMS 0x000000070ab00000, 0x000000070ab00000|
| 171|0x000000070ab00000, 0x000000070abfffe0, 0x000000070ac00000| 99%| O|  |TS  0|AC  0|TAMS 0x000000070abfffe0, 0x000000070abfffe0|
| 172|0x000000070ac00000, 0x000000070acffff0, 0x000000070ad00000| 99%| O|  |TS  0|AC  0|TAMS 0x000000070acffff0, 0x000000070acffff0|
| 173|0x000000070ad00000, 0x000000070adffff0, 0x000000070ae00000| 99%| O|  |TS  0|AC  0|TAMS 0x000000070adffff0, 0x000000070adffff0|
| 174|0x000000070ae00000, 0x000000070aeffff0, 0x000000070af00000| 99%| O|  |TS  0|AC  0|TAMS 0x000000070aeffff0, 0x000000070aeffff0|
| 175|0x000000070af00000, 0x000000070b000000, 0x000000070b000000|100%| O|  |TS  0|AC  0|TAMS 0x000000070b000000, 0x000000070b000000|
| 176|0x000000070b000000, 0x000000070b0ffff8, 0x000000070b100000| 99%| O|  |TS  0|AC  0|TAMS 0x000000070b0ffff8, 0x000000070b0ffff8|
| 177|0x000000070b100000, 0x000000070b1ffff0, 0x000000070b200000| 99%| O|  |TS  0|AC  0|TAMS 0x000000070b1ffff0, 0x000000070b1ffff0|
| 178|0x000000070b200000, 0x000000070b2fed30, 0x000000070b300000| 99%| O|  |TS  0|AC  0|TAMS 0x000000070b2fed30, 0x000000070b2fed30|
| 179|0x000000070b300000, 0x000000070b3ffff8, 0x000000070b400000| 99%| O|  |TS  0|AC  0|TAMS 0x000000070b3ffff8, 0x000000070b3ffff8|
| 180|0x000000070b400000, 0x000000070b4fffd0, 0x000000070b500000| 99%| O|  |TS  0|AC  0|TAMS 0x000000070b4fffd0, 0x000000070b4fffd0|
| 181|0x000000070b500000, 0x000000070b600000, 0x000000070b600000|100%|HS|  |TS  0|AC  0|TAMS 0x000000070b600000, 0x000000070b600000|
| 182|0x000000070b600000, 0x000000070b700000, 0x000000070b700000|100%| O|  |TS  0|AC  0|TAMS 0x000000070b700000, 0x000000070b700000|
| 183|0x000000070b700000, 0x000000070b7ffff0, 0x000000070b800000| 99%| O|  |TS  0|AC  0|TAMS 0x000000070b7ffff0, 0x000000070b7ffff0|
| 184|0x000000070b800000, 0x000000070b8fffe8, 0x000000070b900000| 99%| O|  |TS  0|AC  0|TAMS 0x000000070b8fffe8, 0x000000070b8fffe8|
| 185|0x000000070b900000, 0x000000070b9fffb8, 0x000000070ba00000| 99%| O|  |TS  0|AC  0|TAMS 0x000000070b9fffb8, 0x000000070b9fffb8|
| 186|0x000000070ba00000, 0x000000070baffe58, 0x000000070bb00000| 99%| O|  |TS  0|AC  0|TAMS 0x000000070baffe58, 0x000000070baffe58|
| 187|0x000000070bb00000, 0x000000070bbffcd8, 0x000000070bc00000| 99%| O|  |TS  0|AC  0|TAMS 0x000000070bbffcd8, 0x000000070bbffcd8|
| 188|0x000000070bc00000, 0x000000070bcffc08, 0x000000070bd00000| 99%| O|  |TS  0|AC  0|TAMS 0x000000070bcffc08, 0x000000070bcffc08|
| 189|0x000000070bd00000, 0x000000070bdffff8, 0x000000070be00000| 99%| O|  |TS  0|AC  0|TAMS 0x000000070bdffff8, 0x000000070bdffff8|
| 190|0x000000070be00000, 0x000000070beffff0, 0x000000070bf00000| 99%| O|  |TS  0|AC  0|TAMS 0x000000070beffff0, 0x000000070beffff0|
| 191|0x000000070bf00000, 0x000000070c000000, 0x000000070c000000|100%|HS|  |TS  0|AC  0|TAMS 0x000000070c000000, 0x000000070c000000|
| 192|0x000000070c000000, 0x000000070c100000, 0x000000070c100000|100%|HS|  |TS  0|AC  0|TAMS 0x000000070c100000, 0x000000070c100000|
| 193|0x000000070c100000, 0x000000070c200000, 0x000000070c200000|100%|HC|  |TS  0|AC  0|TAMS 0x000000070c200000, 0x000000070c200000|
| 194|0x000000070c200000, 0x000000070c2f11b0, 0x000000070c300000| 94%| O|  |TS  0|AC  0|TAMS 0x000000070c2f11b0, 0x000000070c2f11b0|
| 195|0x000000070c300000, 0x000000070c300000, 0x000000070c400000|  0%| F|  |TS  0|AC  0|TAMS 0x000000070c300000, 0x000000070c300000|
| 196|0x000000070c400000, 0x000000070c400000, 0x000000070c500000|  0%| F|  |TS  0|AC  0|TAMS 0x000000070c400000, 0x000000070c400000|
| 197|0x000000070c500000, 0x000000070c500000, 0x000000070c600000|  0%| F|  |TS  0|AC  0|TAMS 0x000000070c500000, 0x000000070c500000|
| 198|0x000000070c600000, 0x000000070c700000, 0x000000070c700000|100%|HS|  |TS  0|AC  0|TAMS 0x000000070c700000, 0x000000070c700000|
| 199|0x000000070c700000, 0x000000070c800000, 0x000000070c800000|100%|HC|  |TS  0|AC  0|TAMS 0x000000070c800000, 0x000000070c800000|
| 200|0x000000070c800000, 0x000000070c800000, 0x000000070c900000|  0%| F|  |TS  0|AC  0|TAMS 0x000000070c800000, 0x000000070c800000|
| 201|0x000000070c900000, 0x000000070c900000, 0x000000070ca00000|  0%| F|  |TS  0|AC  0|TAMS 0x000000070c900000, 0x000000070c900000|
| 202|0x000000070ca00000, 0x000000070ca00000, 0x000000070cb00000|  0%| F|  |TS  0|AC  0|TAMS 0x000000070ca00000, 0x000000070ca00000|
| 203|0x000000070cb00000, 0x000000070cb00000, 0x000000070cc00000|  0%| F|  |TS  0|AC  0|TAMS 0x000000070cb00000, 0x000000070cb00000|
| 204|0x000000070cc00000, 0x000000070cc00000, 0x000000070cd00000|  0%| F|  |TS  0|AC  0|TAMS 0x000000070cc00000, 0x000000070cc00000|
| 205|0x000000070cd00000, 0x000000070cd00000, 0x000000070ce00000|  0%| F|  |TS  0|AC  0|TAMS 0x000000070cd00000, 0x000000070cd00000|
| 206|0x000000070ce00000, 0x000000070ce00000, 0x000000070cf00000|  0%| F|  |TS  0|AC  0|TAMS 0x000000070ce00000, 0x000000070ce00000|
| 207|0x000000070cf00000, 0x000000070cf00000, 0x000000070d000000|  0%| F|  |TS  0|AC  0|TAMS 0x000000070cf00000, 0x000000070cf00000|
| 208|0x000000070d000000, 0x000000070d000000, 0x000000070d100000|  0%| F|  |TS  0|AC  0|TAMS 0x000000070d000000, 0x000000070d000000|
| 209|0x000000070d100000, 0x000000070d100000, 0x000000070d200000|  0%| F|  |TS  0|AC  0|TAMS 0x000000070d100000, 0x000000070d100000|
| 210|0x000000070d200000, 0x000000070d200000, 0x000000070d300000|  0%| F|  |TS  0|AC  0|TAMS 0x000000070d200000, 0x000000070d200000|
| 211|0x000000070d300000, 0x000000070d300000, 0x000000070d400000|  0%| F|  |TS  0|AC  0|TAMS 0x000000070d300000, 0x000000070d300000|
| 212|0x000000070d400000, 0x000000070d400000, 0x000000070d500000|  0%| F|  |TS  0|AC  0|TAMS 0x000000070d400000, 0x000000070d400000|
| 213|0x000000070d500000, 0x000000070d500000, 0x000000070d600000|  0%| F|  |TS  0|AC  0|TAMS 0x000000070d500000, 0x000000070d500000|
| 214|0x000000070d600000, 0x000000070d600000, 0x000000070d700000|  0%| F|  |TS  0|AC  0|TAMS 0x000000070d600000, 0x000000070d600000|
| 215|0x000000070d700000, 0x000000070d800000, 0x000000070d800000|100%|HS|  |TS  0|AC  0|TAMS 0x000000070d800000, 0x000000070d800000|
| 216|0x000000070d800000, 0x000000070d900000, 0x000000070d900000|100%|HC|  |TS  0|AC  0|TAMS 0x000000070d900000, 0x000000070d900000|
| 217|0x000000070d900000, 0x000000070da00000, 0x000000070da00000|100%|HC|  |TS  0|AC  0|TAMS 0x000000070da00000, 0x000000070da00000|
| 218|0x000000070da00000, 0x000000070da00000, 0x000000070db00000|  0%| F|  |TS  0|AC  0|TAMS 0x000000070da00000, 0x000000070da00000|
| 219|0x000000070db00000, 0x000000070db00000, 0x000000070dc00000|  0%| F|  |TS  0|AC  0|TAMS 0x000000070db00000, 0x000000070db00000|
| 220|0x000000070dc00000, 0x000000070dc00000, 0x000000070dd00000|  0%| F|  |TS  0|AC  0|TAMS 0x000000070dc00000, 0x000000070dc00000|
| 221|0x000000070dd00000, 0x000000070dd00000, 0x000000070de00000|  0%| F|  |TS  0|AC  0|TAMS 0x000000070dd00000, 0x000000070dd00000|
| 222|0x000000070de00000, 0x000000070de00000, 0x000000070df00000|  0%| F|  |TS  0|AC  0|TAMS 0x000000070de00000, 0x000000070de00000|
| 223|0x000000070df00000, 0x000000070df00000, 0x000000070e000000|  0%| F|  |TS  0|AC  0|TAMS 0x000000070df00000, 0x000000070df00000|
| 224|0x000000070e000000, 0x000000070e000000, 0x000000070e100000|  0%| F|  |TS  0|AC  0|TAMS 0x000000070e000000, 0x000000070e000000|
| 225|0x000000070e100000, 0x000000070e100000, 0x000000070e200000|  0%| F|  |TS  0|AC  0|TAMS 0x000000070e100000, 0x000000070e100000|
| 226|0x000000070e200000, 0x000000070e200000, 0x000000070e300000|  0%| F|  |TS  0|AC  0|TAMS 0x000000070e200000, 0x000000070e200000|
| 227|0x000000070e300000, 0x000000070e300000, 0x000000070e400000|  0%| F|  |TS  0|AC  0|TAMS 0x000000070e300000, 0x000000070e300000|
| 228|0x000000070e400000, 0x000000070e400000, 0x000000070e500000|  0%| F|  |TS  0|AC  0|TAMS 0x000000070e400000, 0x000000070e400000|
| 229|0x000000070e500000, 0x000000070e500000, 0x000000070e600000|  0%| F|  |TS  0|AC  0|TAMS 0x000000070e500000, 0x000000070e500000|
| 230|0x000000070e600000, 0x000000070e600000, 0x000000070e700000|  0%| F|  |TS  0|AC  0|TAMS 0x000000070e600000, 0x000000070e600000|
| 231|0x000000070e700000, 0x000000070e700000, 0x000000070e800000|  0%| F|  |TS  0|AC  0|TAMS 0x000000070e700000, 0x000000070e700000|
| 232|0x000000070e800000, 0x000000070e800000, 0x000000070e900000|  0%| F|  |TS  0|AC  0|TAMS 0x000000070e800000, 0x000000070e800000|
| 233|0x000000070e900000, 0x000000070e900000, 0x000000070ea00000|  0%| F|  |TS  0|AC  0|TAMS 0x000000070e900000, 0x000000070e900000|
| 234|0x000000070ea00000, 0x000000070ea00000, 0x000000070eb00000|  0%| F|  |TS  0|AC  0|TAMS 0x000000070ea00000, 0x000000070ea00000|
| 235|0x000000070eb00000, 0x000000070eb00000, 0x000000070ec00000|  0%| F|  |TS  0|AC  0|TAMS 0x000000070eb00000, 0x000000070eb00000|
| 236|0x000000070ec00000, 0x000000070ec00000, 0x000000070ed00000|  0%| F|  |TS  0|AC  0|TAMS 0x000000070ec00000, 0x000000070ec00000|
| 237|0x000000070ed00000, 0x000000070ed00000, 0x000000070ee00000|  0%| F|  |TS  0|AC  0|TAMS 0x000000070ed00000, 0x000000070ed00000|
| 238|0x000000070ee00000, 0x000000070ee00000, 0x000000070ef00000|  0%| F|  |TS  0|AC  0|TAMS 0x000000070ee00000, 0x000000070ee00000|
| 239|0x000000070ef00000, 0x000000070ef00000, 0x000000070f000000|  0%| F|  |TS  0|AC  0|TAMS 0x000000070ef00000, 0x000000070ef00000|
| 240|0x000000070f000000, 0x000000070f000000, 0x000000070f100000|  0%| F|  |TS  0|AC  0|TAMS 0x000000070f000000, 0x000000070f000000|
| 241|0x000000070f100000, 0x000000070f100000, 0x000000070f200000|  0%| F|  |TS  0|AC  0|TAMS 0x000000070f100000, 0x000000070f100000|
| 242|0x000000070f200000, 0x000000070f200000, 0x000000070f300000|  0%| F|  |TS  0|AC  0|TAMS 0x000000070f200000, 0x000000070f200000|
| 243|0x000000070f300000, 0x000000070f300000, 0x000000070f400000|  0%| F|  |TS  0|AC  0|TAMS 0x000000070f300000, 0x000000070f300000|
| 244|0x000000070f400000, 0x000000070f400000, 0x000000070f500000|  0%| F|  |TS  0|AC  0|TAMS 0x000000070f400000, 0x000000070f400000|
| 245|0x000000070f500000, 0x000000070f500000, 0x000000070f600000|  0%| F|  |TS  0|AC  0|TAMS 0x000000070f500000, 0x000000070f500000|
| 246|0x000000070f600000, 0x000000070f600000, 0x000000070f700000|  0%| F|  |TS  0|AC  0|TAMS 0x000000070f600000, 0x000000070f600000|
| 247|0x000000070f700000, 0x000000070f700000, 0x000000070f800000|  0%| F|  |TS  0|AC  0|TAMS 0x000000070f700000, 0x000000070f700000|
| 248|0x000000070f800000, 0x000000070f800000, 0x000000070f900000|  0%| F|  |TS  0|AC  0|TAMS 0x000000070f800000, 0x000000070f800000|
| 249|0x000000070f900000, 0x000000070f900000, 0x000000070fa00000|  0%| F|  |TS  0|AC  0|TAMS 0x000000070f900000, 0x000000070f900000|
| 250|0x000000070fa00000, 0x000000070fa00000, 0x000000070fb00000|  0%| F|  |TS  0|AC  0|TAMS 0x000000070fa00000, 0x000000070fa00000|
| 251|0x000000070fb00000, 0x000000070fb00000, 0x000000070fc00000|  0%| F|  |TS  0|AC  0|TAMS 0x000000070fb00000, 0x000000070fb00000|
| 252|0x000000070fc00000, 0x000000070fc00000, 0x000000070fd00000|  0%| F|  |TS  0|AC  0|TAMS 0x000000070fc00000, 0x000000070fc00000|
| 253|0x000000070fd00000, 0x000000070fd00000, 0x000000070fe00000|  0%| F|  |TS  0|AC  0|TAMS 0x000000070fd00000, 0x000000070fd00000|
| 254|0x000000070fe00000, 0x000000070fe00000, 0x000000070ff00000|  0%| F|  |TS  0|AC  0|TAMS 0x000000070fe00000, 0x000000070fe00000|
| 255|0x000000070ff00000, 0x000000070ff00000, 0x0000000710000000|  0%| F|  |TS  0|AC  0|TAMS 0x000000070ff00000, 0x000000070ff00000|
| 256|0x0000000710000000, 0x0000000710000000, 0x0000000710100000|  0%| F|  |TS  0|AC  0|TAMS 0x0000000710000000, 0x0000000710000000|
| 257|0x0000000710100000, 0x0000000710100000, 0x0000000710200000|  0%| F|  |TS  0|AC  0|TAMS 0x0000000710100000, 0x0000000710100000|
| 258|0x0000000710200000, 0x0000000710200000, 0x0000000710300000|  0%| F|  |TS  0|AC  0|TAMS 0x0000000710200000, 0x0000000710200000|
| 259|0x0000000710300000, 0x0000000710300000, 0x0000000710400000|  0%| F|  |TS  0|AC  0|TAMS 0x0000000710300000, 0x0000000710300000|
| 260|0x0000000710400000, 0x0000000710400000, 0x0000000710500000|  0%| F|  |TS  0|AC  0|TAMS 0x0000000710400000, 0x0000000710400000|
| 261|0x0000000710500000, 0x0000000710500000, 0x0000000710600000|  0%| F|  |TS  0|AC  0|TAMS 0x0000000710500000, 0x0000000710500000|
| 262|0x0000000710600000, 0x0000000710600000, 0x0000000710700000|  0%| F|  |TS  0|AC  0|TAMS 0x0000000710600000, 0x0000000710600000|
| 263|0x0000000710700000, 0x0000000710700000, 0x0000000710800000|  0%| F|  |TS  0|AC  0|TAMS 0x0000000710700000, 0x0000000710700000|
| 264|0x0000000710800000, 0x0000000710800000, 0x0000000710900000|  0%| F|  |TS  0|AC  0|TAMS 0x0000000710800000, 0x0000000710800000|
| 265|0x0000000710900000, 0x0000000710900000, 0x0000000710a00000|  0%| F|  |TS  0|AC  0|TAMS 0x0000000710900000, 0x0000000710900000|
| 266|0x0000000710a00000, 0x0000000710a00000, 0x0000000710b00000|  0%| F|  |TS  0|AC  0|TAMS 0x0000000710a00000, 0x0000000710a00000|
| 267|0x0000000710b00000, 0x0000000710b00000, 0x0000000710c00000|  0%| F|  |TS  0|AC  0|TAMS 0x0000000710b00000, 0x0000000710b00000|
| 268|0x0000000710c00000, 0x0000000710c00000, 0x0000000710d00000|  0%| F|  |TS  0|AC  0|TAMS 0x0000000710c00000, 0x0000000710c00000|
| 269|0x0000000710d00000, 0x0000000710d00000, 0x0000000710e00000|  0%| F|  |TS  0|AC  0|TAMS 0x0000000710d00000, 0x0000000710d00000|
| 270|0x0000000710e00000, 0x0000000710e00000, 0x0000000710f00000|  0%| F|  |TS  0|AC  0|TAMS 0x0000000710e00000, 0x0000000710e00000|
| 271|0x0000000710f00000, 0x0000000710f00000, 0x0000000711000000|  0%| F|  |TS  0|AC  0|TAMS 0x0000000710f00000, 0x0000000710f00000|
| 272|0x0000000711000000, 0x0000000711000000, 0x0000000711100000|  0%| F|  |TS  0|AC  0|TAMS 0x0000000711000000, 0x0000000711000000|
| 273|0x0000000711100000, 0x0000000711100000, 0x0000000711200000|  0%| F|  |TS  0|AC  0|TAMS 0x0000000711100000, 0x0000000711100000|
| 274|0x0000000711200000, 0x0000000711200000, 0x0000000711300000|  0%| F|  |TS  0|AC  0|TAMS 0x0000000711200000, 0x0000000711200000|
| 275|0x0000000711300000, 0x0000000711300000, 0x0000000711400000|  0%| F|  |TS  0|AC  0|TAMS 0x0000000711300000, 0x0000000711300000|
| 276|0x0000000711400000, 0x0000000711400000, 0x0000000711500000|  0%| F|  |TS  0|AC  0|TAMS 0x0000000711400000, 0x0000000711400000|
| 277|0x0000000711500000, 0x00000007115e15f0, 0x0000000711600000| 88%| S|CS|TS  0|AC  0|TAMS 0x0000000711500000, 0x0000000711500000|
| 278|0x0000000711600000, 0x0000000711600000, 0x0000000711700000|  0%| F|  |TS  0|AC  0|TAMS 0x0000000711600000, 0x0000000711600000|
| 279|0x0000000711700000, 0x0000000711700000, 0x0000000711800000|  0%| F|  |TS  0|AC  0|TAMS 0x0000000711700000, 0x0000000711700000|
| 280|0x0000000711800000, 0x0000000711800000, 0x0000000711900000|  0%| F|  |TS  0|AC  0|TAMS 0x0000000711800000, 0x0000000711800000|
| 281|0x0000000711900000, 0x0000000711900000, 0x0000000711a00000|  0%| F|  |TS  0|AC  0|TAMS 0x0000000711900000, 0x0000000711900000|
| 282|0x0000000711a00000, 0x0000000711a00000, 0x0000000711b00000|  0%| F|  |TS  0|AC  0|TAMS 0x0000000711a00000, 0x0000000711a00000|
| 283|0x0000000711b00000, 0x0000000711b00000, 0x0000000711c00000|  0%| F|  |TS  0|AC  0|TAMS 0x0000000711b00000, 0x0000000711b00000|
| 284|0x0000000711c00000, 0x0000000711c00000, 0x0000000711d00000|  0%| F|  |TS  0|AC  0|TAMS 0x0000000711c00000, 0x0000000711c00000|
| 285|0x0000000711d00000, 0x0000000711d00000, 0x0000000711e00000|  0%| F|  |TS  0|AC  0|TAMS 0x0000000711d00000, 0x0000000711d00000|
| 286|0x0000000711e00000, 0x0000000711e00000, 0x0000000711f00000|  0%| F|  |TS  0|AC  0|TAMS 0x0000000711e00000, 0x0000000711e00000|
| 287|0x0000000711f00000, 0x0000000711f00000, 0x0000000712000000|  0%| F|  |TS  0|AC  0|TAMS 0x0000000711f00000, 0x0000000711f00000|
| 288|0x0000000712000000, 0x0000000712000000, 0x0000000712100000|  0%| F|  |TS  0|AC  0|TAMS 0x0000000712000000, 0x0000000712000000|
| 289|0x0000000712100000, 0x0000000712100000, 0x0000000712200000|  0%| F|  |TS  0|AC  0|TAMS 0x0000000712100000, 0x0000000712100000|
| 290|0x0000000712200000, 0x0000000712200000, 0x0000000712300000|  0%| F|  |TS  0|AC  0|TAMS 0x0000000712200000, 0x0000000712200000|
| 291|0x0000000712300000, 0x0000000712300000, 0x0000000712400000|  0%| F|  |TS  0|AC  0|TAMS 0x0000000712300000, 0x0000000712300000|
| 292|0x0000000712400000, 0x0000000712400000, 0x0000000712500000|  0%| F|  |TS  0|AC  0|TAMS 0x0000000712400000, 0x0000000712400000|
| 293|0x0000000712500000, 0x0000000712500000, 0x0000000712600000|  0%| F|  |TS  0|AC  0|TAMS 0x0000000712500000, 0x0000000712500000|
| 294|0x0000000712600000, 0x0000000712600000, 0x0000000712700000|  0%| F|  |TS  0|AC  0|TAMS 0x0000000712600000, 0x0000000712600000|
| 295|0x0000000712700000, 0x0000000712700000, 0x0000000712800000|  0%| F|  |TS  0|AC  0|TAMS 0x0000000712700000, 0x0000000712700000|
| 296|0x0000000712800000, 0x0000000712800000, 0x0000000712900000|  0%| F|  |TS  0|AC  0|TAMS 0x0000000712800000, 0x0000000712800000|
| 297|0x0000000712900000, 0x0000000712900000, 0x0000000712a00000|  0%| F|  |TS  0|AC  0|TAMS 0x0000000712900000, 0x0000000712900000|
| 298|0x0000000712a00000, 0x0000000712a00000, 0x0000000712b00000|  0%| F|  |TS  0|AC  0|TAMS 0x0000000712a00000, 0x0000000712a00000|
| 299|0x0000000712b00000, 0x0000000712b00000, 0x0000000712c00000|  0%| F|  |TS  0|AC  0|TAMS 0x0000000712b00000, 0x0000000712b00000|
| 300|0x0000000712c00000, 0x0000000712ce2ce8, 0x0000000712d00000| 88%| E|  |TS  0|AC  0|TAMS 0x0000000712c00000, 0x0000000712c00000|
| 301|0x0000000712d00000, 0x0000000712e00000, 0x0000000712e00000|100%| E|CS|TS  0|AC  0|TAMS 0x0000000712d00000, 0x0000000712d00000|
| 302|0x0000000712e00000, 0x0000000712f00000, 0x0000000712f00000|100%| E|CS|TS  0|AC  0|TAMS 0x0000000712e00000, 0x0000000712e00000|
| 303|0x0000000712f00000, 0x0000000713000000, 0x0000000713000000|100%| E|CS|TS  0|AC  0|TAMS 0x0000000712f00000, 0x0000000712f00000|
| 304|0x0000000713000000, 0x0000000713100000, 0x0000000713100000|100%| E|CS|TS  0|AC  0|TAMS 0x0000000713000000, 0x0000000713000000|
| 305|0x0000000713100000, 0x0000000713200000, 0x0000000713200000|100%| E|CS|TS  0|AC  0|TAMS 0x0000000713100000, 0x0000000713100000|
| 306|0x0000000713200000, 0x0000000713300000, 0x0000000713300000|100%| E|CS|TS  0|AC  0|TAMS 0x0000000713200000, 0x0000000713200000|
| 307|0x0000000713300000, 0x0000000713400000, 0x0000000713400000|100%| E|CS|TS  0|AC  0|TAMS 0x0000000713300000, 0x0000000713300000|
| 308|0x0000000713400000, 0x0000000713500000, 0x0000000713500000|100%| E|CS|TS  0|AC  0|TAMS 0x0000000713400000, 0x0000000713400000|
| 309|0x0000000713500000, 0x0000000713600000, 0x0000000713600000|100%| E|CS|TS  0|AC  0|TAMS 0x0000000713500000, 0x0000000713500000|
| 310|0x0000000713600000, 0x0000000713700000, 0x0000000713700000|100%| E|CS|TS  0|AC  0|TAMS 0x0000000713600000, 0x0000000713600000|
| 311|0x0000000713700000, 0x0000000713800000, 0x0000000713800000|100%| E|CS|TS  0|AC  0|TAMS 0x0000000713700000, 0x0000000713700000|
| 312|0x0000000713800000, 0x0000000713900000, 0x0000000713900000|100%| E|CS|TS  0|AC  0|TAMS 0x0000000713800000, 0x0000000713800000|
| 313|0x0000000713900000, 0x0000000713a00000, 0x0000000713a00000|100%| E|CS|TS  0|AC  0|TAMS 0x0000000713900000, 0x0000000713900000|
| 314|0x0000000713a00000, 0x0000000713b00000, 0x0000000713b00000|100%| E|CS|TS  0|AC  0|TAMS 0x0000000713a00000, 0x0000000713a00000|
| 315|0x0000000713b00000, 0x0000000713c00000, 0x0000000713c00000|100%| E|CS|TS  0|AC  0|TAMS 0x0000000713b00000, 0x0000000713b00000|
| 316|0x0000000713c00000, 0x0000000713d00000, 0x0000000713d00000|100%| E|CS|TS  0|AC  0|TAMS 0x0000000713c00000, 0x0000000713c00000|
| 317|0x0000000713d00000, 0x0000000713e00000, 0x0000000713e00000|100%| E|CS|TS  0|AC  0|TAMS 0x0000000713d00000, 0x0000000713d00000|
| 318|0x0000000713e00000, 0x0000000713f00000, 0x0000000713f00000|100%| E|CS|TS  0|AC  0|TAMS 0x0000000713e00000, 0x0000000713e00000|
| 319|0x0000000713f00000, 0x0000000714000000, 0x0000000714000000|100%| E|CS|TS  0|AC  0|TAMS 0x0000000713f00000, 0x0000000713f00000|
| 320|0x0000000714000000, 0x0000000714100000, 0x0000000714100000|100%| E|CS|TS  0|AC  0|TAMS 0x0000000714000000, 0x0000000714000000|
| 321|0x0000000714100000, 0x0000000714200000, 0x0000000714200000|100%| E|CS|TS  0|AC  0|TAMS 0x0000000714100000, 0x0000000714100000|
| 322|0x0000000714200000, 0x0000000714300000, 0x0000000714300000|100%| E|CS|TS  0|AC  0|TAMS 0x0000000714200000, 0x0000000714200000|
| 323|0x0000000714300000, 0x0000000714400000, 0x0000000714400000|100%| E|CS|TS  0|AC  0|TAMS 0x0000000714300000, 0x0000000714300000|
| 324|0x0000000714400000, 0x0000000714500000, 0x0000000714500000|100%| E|CS|TS  0|AC  0|TAMS 0x0000000714400000, 0x0000000714400000|
| 325|0x0000000714500000, 0x0000000714600000, 0x0000000714600000|100%| E|CS|TS  0|AC  0|TAMS 0x0000000714500000, 0x0000000714500000|
| 326|0x0000000714600000, 0x0000000714700000, 0x0000000714700000|100%| E|CS|TS  0|AC  0|TAMS 0x0000000714600000, 0x0000000714600000|
| 327|0x0000000714700000, 0x0000000714800000, 0x0000000714800000|100%| E|CS|TS  0|AC  0|TAMS 0x0000000714700000, 0x0000000714700000|
| 328|0x0000000714800000, 0x0000000714900000, 0x0000000714900000|100%| E|CS|TS  0|AC  0|TAMS 0x0000000714800000, 0x0000000714800000|
| 329|0x0000000714900000, 0x0000000714a00000, 0x0000000714a00000|100%| E|CS|TS  0|AC  0|TAMS 0x0000000714900000, 0x0000000714900000|
| 330|0x0000000714a00000, 0x0000000714b00000, 0x0000000714b00000|100%| E|CS|TS  0|AC  0|TAMS 0x0000000714a00000, 0x0000000714a00000|
| 331|0x0000000714b00000, 0x0000000714c00000, 0x0000000714c00000|100%| E|CS|TS  0|AC  0|TAMS 0x0000000714b00000, 0x0000000714b00000|
| 332|0x0000000714c00000, 0x0000000714d00000, 0x0000000714d00000|100%| E|CS|TS  0|AC  0|TAMS 0x0000000714c00000, 0x0000000714c00000|
| 333|0x0000000714d00000, 0x0000000714e00000, 0x0000000714e00000|100%| E|CS|TS  0|AC  0|TAMS 0x0000000714d00000, 0x0000000714d00000|
| 334|0x0000000714e00000, 0x0000000714f00000, 0x0000000714f00000|100%| E|CS|TS  0|AC  0|TAMS 0x0000000714e00000, 0x0000000714e00000|
| 335|0x0000000714f00000, 0x0000000715000000, 0x0000000715000000|100%| E|CS|TS  0|AC  0|TAMS 0x0000000714f00000, 0x0000000714f00000|
| 336|0x0000000715000000, 0x0000000715100000, 0x0000000715100000|100%| E|CS|TS  0|AC  0|TAMS 0x0000000715000000, 0x0000000715000000|
| 337|0x0000000715100000, 0x0000000715200000, 0x0000000715200000|100%| E|CS|TS  0|AC  0|TAMS 0x0000000715100000, 0x0000000715100000|

Card table byte_map: [0x0000011d85ff0000,0x0000011d865f0000] byte_map_base: 0x0000011d827f0000

Marking Bits (Prev, Next): (CMBitMap*) 0x0000011d80accc00, (CMBitMap*) 0x0000011d80accc38
 Prev Bits: [0x0000011d9dc40000, 0x0000011da0c40000)
 Next Bits: [0x0000011da0c40000, 0x0000011da3c40000)

Polling page: 0x0000011d81110000

CodeHeap 'non-profiled nmethods': size=120064Kb used=39910Kb max_used=40862Kb free=80153Kb
 bounds [0x0000011d96100000, 0x0000011d98900000, 0x0000011d9d640000]
CodeHeap 'profiled nmethods': size=120000Kb used=53132Kb max_used=53393Kb free=66867Kb
 bounds [0x0000011d8ebd0000, 0x0000011d92250000, 0x0000011d96100000]
CodeHeap 'non-nmethods': size=5696Kb used=1841Kb max_used=1951Kb free=3855Kb
 bounds [0x0000011d8e640000, 0x0000011d8e8b0000, 0x0000011d8ebd0000]
 total_blobs=53803 nmethods=24632 adapters=1188
 compilation: enabled

Compilation events (10 events):
Event: 27862.183 Thread 0x0000011d82385800 35304   !   4       com.jidesoft.grid.FilterableTableModel::tableDataChanged (164 bytes)
Event: 27862.188 Thread 0x0000011d82387000 35305       3       ui.views.O.f.c::sortChanging (6 bytes)
Event: 27862.188 Thread 0x0000011d82387000 nmethod 35305 0x0000011d8f416b10 code [0x0000011d8f416cc0, 0x0000011d8f416e78]
Event: 27862.189 Thread 0x0000011d82387000 35306       3       ui.views.O.f.c::sortChanged (250 bytes)
Event: 27862.190 Thread 0x0000011d82387000 nmethod 35306 0x0000011d91812510 code [0x0000011d918129a0, 0x0000011d918153e0]
Event: 27862.197 Thread 0x0000011d82385800 nmethod 35304 0x0000011d9629dd10 code [0x0000011d9629df60, 0x0000011d9629eba0]
Event: 27862.211 Thread 0x0000011d82387000 35307       1       com.jidesoft.grid.SortItemSupport::setSortingColumns (6 bytes)
Event: 27862.211 Thread 0x0000011d82387000 nmethod 35307 0x0000011d96170810 code [0x0000011d961709c0, 0x0000011d96170b38]
Event: 27862.220 Thread 0x0000011d82386000 35308       4       com.jidesoft.grid.SortableTreeTableModel::getValueAt (105 bytes)
Event: 27862.233 Thread 0x0000011d82386000 nmethod 35308 0x0000011d965f7190 code [0x0000011d965f7420, 0x0000011d965f8160]

GC Heap History (10 events):
Event: 27830.381 GC heap before
{Heap before GC invocations=5054 (full 955):
 garbage-first heap   total 346112K, used 264559K [0x0000000700000000, 0x0000000700100a90, 0x00000007c0000000)
  region size 1024K, 60 young (61440K), 1 survivors (1024K)
 Metaspace       used 97505K, capacity 99829K, committed 107976K, reserved 1142784K
  class space    used 13371K, capacity 13855K, committed 15560K, reserved 1048576K
}
Event: 27830.384 GC heap after
{Heap after GC invocations=5055 (full 955):
 garbage-first heap   total 346112K, used 204465K [0x0000000700000000, 0x0000000700100a90, 0x00000007c0000000)
  region size 1024K, 1 young (1024K), 1 survivors (1024K)
 Metaspace       used 97505K, capacity 99829K, committed 107976K, reserved 1142784K
  class space    used 13371K, capacity 13855K, committed 15560K, reserved 1048576K
}
Event: 27838.991 GC heap before
{Heap before GC invocations=5056 (full 955):
 garbage-first heap   total 346112K, used 264881K [0x0000000700000000, 0x0000000700100a90, 0x00000007c0000000)
  region size 1024K, 60 young (61440K), 1 survivors (1024K)
 Metaspace       used 97505K, capacity 99829K, committed 107976K, reserved 1142784K
  class space    used 13371K, capacity 13855K, committed 15560K, reserved 1048576K
}
Event: 27838.995 GC heap after
{Heap after GC invocations=5057 (full 955):
 garbage-first heap   total 346112K, used 204608K [0x0000000700000000, 0x0000000700100a90, 0x00000007c0000000)
  region size 1024K, 1 young (1024K), 1 survivors (1024K)
 Metaspace       used 97505K, capacity 99829K, committed 107976K, reserved 1142784K
  class space    used 13371K, capacity 13855K, committed 15560K, reserved 1048576K
}
Event: 27848.689 GC heap before
{Heap before GC invocations=5057 (full 955):
 garbage-first heap   total 346112K, used 265024K [0x0000000700000000, 0x0000000700100a90, 0x00000007c0000000)
  region size 1024K, 60 young (61440K), 1 survivors (1024K)
 Metaspace       used 97505K, capacity 99829K, committed 107976K, reserved 1142784K
  class space    used 13371K, capacity 13855K, committed 15560K, reserved 1048576K
}
Event: 27848.694 GC heap after
{Heap after GC invocations=5058 (full 955):
 garbage-first heap   total 346112K, used 204699K [0x0000000700000000, 0x0000000700100a90, 0x00000007c0000000)
  region size 1024K, 1 young (1024K), 1 survivors (1024K)
 Metaspace       used 97505K, capacity 99829K, committed 107976K, reserved 1142784K
  class space    used 13371K, capacity 13855K, committed 15560K, reserved 1048576K
}
Event: 27857.492 GC heap before
{Heap before GC invocations=5059 (full 955):
 garbage-first heap   total 346112K, used 265115K [0x0000000700000000, 0x0000000700100a90, 0x00000007c0000000)
  region size 1024K, 60 young (61440K), 1 survivors (1024K)
 Metaspace       used 97505K, capacity 99893K, committed 108232K, reserved 1142784K
  class space    used 13371K, capacity 13855K, committed 15560K, reserved 1048576K
}
Event: 27857.496 GC heap after
{Heap after GC invocations=5060 (full 955):
 garbage-first heap   total 346112K, used 204545K [0x0000000700000000, 0x0000000700100a90, 0x00000007c0000000)
  region size 1024K, 1 young (1024K), 1 survivors (1024K)
 Metaspace       used 97505K, capacity 99893K, committed 108232K, reserved 1142784K
  class space    used 13371K, capacity 13855K, committed 15560K, reserved 1048576K
}
Event: 27862.166 GC heap before
{Heap before GC invocations=5060 (full 955):
 garbage-first heap   total 346112K, used 264961K [0x0000000700000000, 0x0000000700100a90, 0x00000007c0000000)
  region size 1024K, 60 young (61440K), 1 survivors (1024K)
 Metaspace       used 97505K, capacity 99893K, committed 108232K, reserved 1142784K
  class space    used 13371K, capacity 13855K, committed 15560K, reserved 1048576K
}
Event: 27862.170 GC heap after
{Heap after GC invocations=5061 (full 955):
 garbage-first heap   total 346112K, used 204596K [0x0000000700000000, 0x0000000700100a90, 0x00000007c0000000)
  region size 1024K, 1 young (1024K), 1 survivors (1024K)
 Metaspace       used 97505K, capacity 99893K, committed 108232K, reserved 1142784K
  class space    used 13371K, capacity 13855K, committed 15560K, reserved 1048576K
}

Deoptimization events (10 events):
Event: 27732.270 Thread 0x0000011d844c1800 Uncommon trap: reason=array_check action=maybe_recompile pc=0x0000011d98871edc method=java.util.TimSort.mergeLo(IIII)V @ 375 c2
Event: 27732.270 Thread 0x0000011d844c1800 Uncommon trap: reason=array_check action=maybe_recompile pc=0x0000011d988720cc method=java.util.TimSort.mergeLo(IIII)V @ 590 c2
Event: 27736.950 Thread 0x0000011d844c1800 Uncommon trap: reason=unstable_if action=reinterpret pc=0x0000011d976e5698 method=com.jidesoft.editor.CodeEditor.documentChanged(Ljavax/swing/event/DocumentEvent;)V @ 128 c2
Event: 27736.950 Thread 0x0000011d844c1800 Uncommon trap: reason=unstable_if action=reinterpret pc=0x0000011d97620208 method=com.jidesoft.editor.CodeEditor.setFirstLine(I)V @ 27 c2
Event: 27739.689 Thread 0x0000011d844c1800 Uncommon trap: reason=unstable_if action=reinterpret pc=0x0000011d97670038 method=javax.swing.PopupFactory$ContainerPopup.overlappedByOwnedWindow()Z @ 75 c2
Event: 27757.997 Thread 0x0000011d844c1800 Uncommon trap: reason=unstable_if action=reinterpret pc=0x0000011d97cd3d04 method=java.text.DigitList.round(IZZ)V @ 106 c2
Event: 27806.775 Thread 0x0000011d844c1800 Uncommon trap: reason=unstable_if action=reinterpret pc=0x0000011d97a71924 method=java.awt.Component.show()V @ 98 c2
Event: 27806.986 Thread 0x0000011d844c1800 Uncommon trap: reason=unstable_if action=reinterpret pc=0x0000011d96759db8 method=java.awt.Component.show()V @ 98 c2
Event: 27862.186 Thread 0x0000011d844c1800 Uncommon trap: reason=class_check action=maybe_recompile pc=0x0000011d98608e8c method=com.jidesoft.grid.JideTable.tableChanged(Ljavax/swing/event/TableModelEvent;)V @ 495 c2
Event: 27862.187 Thread 0x0000011d844c1800 Uncommon trap: reason=class_check action=maybe_recompile pc=0x0000011d98608e8c method=com.jidesoft.grid.JideTable.tableChanged(Ljavax/swing/event/TableModelEvent;)V @ 495 c2

Classes redefined (0 events):
No events

Internal exceptions (10 events):
Event: 27863.022 Thread 0x0000011d844c1800 Exception <a 'java/lang/ClassCastException'{0x00000007132b2e60}> (0x00000007132b2e60) thrown at [t:/workspace/hotspot/src/share/vm/runtime/sharedRuntime.cpp, line 606]
Event: 27863.022 Thread 0x0000011d844c1800 Exception <a 'java/lang/ClassCastException'{0x00000007132b36c0}> (0x00000007132b36c0) thrown at [t:/workspace/hotspot/src/share/vm/runtime/sharedRuntime.cpp, line 606]
Event: 27863.022 Thread 0x0000011d844c1800 Exception <a 'java/lang/ClassCastException'{0x00000007132b3f20}> (0x00000007132b3f20) thrown at [t:/workspace/hotspot/src/share/vm/runtime/sharedRuntime.cpp, line 606]
Event: 27863.022 Thread 0x0000011d844c1800 Exception <a 'java/lang/ClassCastException'{0x00000007132b4780}> (0x00000007132b4780) thrown at [t:/workspace/hotspot/src/share/vm/runtime/sharedRuntime.cpp, line 606]
Event: 27863.022 Thread 0x0000011d844c1800 Exception <a 'java/lang/ClassCastException'{0x00000007132b5758}> (0x00000007132b5758) thrown at [t:/workspace/hotspot/src/share/vm/runtime/sharedRuntime.cpp, line 606]
Event: 27863.022 Thread 0x0000011d844c1800 Exception <a 'java/lang/ClassCastException'{0x00000007132b5fb8}> (0x00000007132b5fb8) thrown at [t:/workspace/hotspot/src/share/vm/runtime/sharedRuntime.cpp, line 606]
Event: 27863.022 Thread 0x0000011d844c1800 Exception <a 'java/lang/ClassCastException'{0x00000007132b6818}> (0x00000007132b6818) thrown at [t:/workspace/hotspot/src/share/vm/runtime/sharedRuntime.cpp, line 606]
Event: 27863.022 Thread 0x0000011d844c1800 Exception <a 'java/lang/ClassCastException'{0x00000007132b7810}> (0x00000007132b7810) thrown at [t:/workspace/hotspot/src/share/vm/runtime/sharedRuntime.cpp, line 606]
Event: 27863.022 Thread 0x0000011d844c1800 Exception <a 'java/lang/ClassCastException'{0x00000007132b8070}> (0x00000007132b8070) thrown at [t:/workspace/hotspot/src/share/vm/runtime/sharedRuntime.cpp, line 606]
Event: 27863.022 Thread 0x0000011d844c1800 Exception <a 'java/lang/ClassCastException'{0x00000007132b9650}> (0x00000007132b9650) thrown at [t:/workspace/hotspot/src/share/vm/runtime/sharedRuntime.cpp, line 606]

Events (10 events):
Event: 27862.530 Executing VM operation: CGC_Operation done
Event: 27862.589 Executing VM operation: CGC_Operation
Event: 27862.589 Executing VM operation: CGC_Operation done
Event: 27862.984 Thread 0x0000011dc2e2d800 Thread added: 0x0000011dc2e2d800
Event: 27862.989 Executing VM operation: RevokeBias
Event: 27862.989 Executing VM operation: RevokeBias done
Event: 27862.990 Executing VM operation: RevokeBias
Event: 27862.990 Executing VM operation: RevokeBias done
Event: 27863.201 Thread 0x0000011dc2e28800 Thread added: 0x0000011dc2e28800
Event: 27863.204 Thread 0x0000011dc2e28800 Thread exited: 0x0000011dc2e28800


Dynamic libraries:
0x00007ff65ec00000 - 0x00007ff65ec30000 	D:\Xilinx\Vivado\2019.2\bin\unwrapped\win64.o\vivado.exe
0x00007fff6c990000 - 0x00007fff6cb71000 	C:\WINDOWS\SYSTEM32\ntdll.dll
0x00007fff69ec0000 - 0x00007fff69f71000 	C:\WINDOWS\System32\KERNEL32.DLL
0x00007fff69450000 - 0x00007fff696c3000 	C:\WINDOWS\System32\KERNELBASE.dll
0x00007fff696d0000 - 0x00007fff697c8000 	C:\WINDOWS\System32\ucrtbase.dll
0x00007fff5fd20000 - 0x00007fff5fd34000 	D:\Xilinx\Vivado\2019.2\lib\win64.o\libboost_signals.dll
0x00007fff01130000 - 0x00007fff02073000 	D:\Xilinx\Vivado\2019.2\lib\win64.o\librdi_common.dll
0x00007fff5fd00000 - 0x00007fff5fd16000 	D:\Xilinx\Vivado\2019.2\lib\win64.o\librdi_commonmain.dll
0x00007fff6c590000 - 0x00007fff6c721000 	C:\WINDOWS\System32\USER32.dll
0x00007fff470e0000 - 0x00007fff4717b000 	C:\WINDOWS\SYSTEM32\MSVCP140.dll
0x00007fff69de0000 - 0x00007fff69e00000 	C:\WINDOWS\System32\win32u.dll
0x00007fff69e90000 - 0x00007fff69eb8000 	C:\WINDOWS\System32\GDI32.dll
0x00007fff69c40000 - 0x00007fff69dd1000 	C:\WINDOWS\System32\gdi32full.dll
0x00007fff54cc0000 - 0x00007fff54cd6000 	C:\WINDOWS\SYSTEM32\VCRUNTIME140.dll
0x00007fff69900000 - 0x00007fff6999f000 	C:\WINDOWS\System32\msvcp_win.dll
0x00007fff6a0c0000 - 0x00007fff6a161000 	C:\WINDOWS\System32\ADVAPI32.dll
0x00007fff6c8b0000 - 0x00007fff6c94e000 	C:\WINDOWS\System32\msvcrt.dll
0x00007fff6abb0000 - 0x00007fff6ac0b000 	C:\WINDOWS\System32\sechost.dll
0x00007fff69f80000 - 0x00007fff6a0a4000 	C:\WINDOWS\System32\RPCRT4.dll
0x00007fff1cc50000 - 0x00007fff1cfbe000 	D:\Xilinx\Vivado\2019.2\lib\win64.o\libCOIN-all.dll
0x00007fff5e8d0000 - 0x00007fff5e8e4000 	D:\Xilinx\Vivado\2019.2\lib\win64.o\libboost_date_time.dll
0x00007fff6b140000 - 0x00007fff6c585000 	C:\WINDOWS\System32\SHELL32.dll
0x00007fff69850000 - 0x00007fff69899000 	C:\WINDOWS\System32\cfgmgr32.dll
0x00007fff6ac10000 - 0x00007fff6acb9000 	C:\WINDOWS\System32\shcore.dll
0x00007fff5cd30000 - 0x00007fff5cd56000 	D:\Xilinx\Vivado\2019.2\lib\win64.o\libboost_filesystem.dll
0x00007fff42940000 - 0x00007fff429bf000 	D:\Xilinx\Vivado\2019.2\lib\win64.o\libboost_program_options.dll
0x00007fff6a700000 - 0x00007fff6aa21000 	C:\WINDOWS\System32\combase.dll
0x00007fff697d0000 - 0x00007fff69849000 	C:\WINDOWS\System32\bcryptPrimitives.dll
0x00007fff68d40000 - 0x00007fff69450000 	C:\WINDOWS\System32\windows.storage.dll
0x00007fff66f50000 - 0x00007fff66f5b000 	D:\Xilinx\Vivado\2019.2\lib\win64.o\libboost_system.dll
0x00007fff5cd00000 - 0x00007fff5cd21000 	D:\Xilinx\Vivado\2019.2\lib\win64.o\libboost_thread.dll
0x00007fff6a6a0000 - 0x00007fff6a6f1000 	C:\WINDOWS\System32\shlwapi.dll
0x00007fff68c90000 - 0x00007fff68ca1000 	C:\WINDOWS\System32\kernel.appcore.dll
0x00007fff68cd0000 - 0x00007fff68cef000 	C:\WINDOWS\System32\profapi.dll
0x00007fff5e9b0000 - 0x00007fff5e9bf000 	D:\Xilinx\Vivado\2019.2\lib\win64.o\libboost_xilinx.dll
0x00007fff41cd0000 - 0x00007fff41d52000 	D:\Xilinx\Vivado\2019.2\lib\win64.o\libhdlpsolve.dll
0x00007fff68cf0000 - 0x00007fff68d3c000 	C:\WINDOWS\System32\powrprof.dll
0x00007fff68c80000 - 0x00007fff68c8a000 	C:\WINDOWS\System32\FLTLIB.DLL
0x00007fff339b0000 - 0x00007fff33a55000 	D:\Xilinx\Vivado\2019.2\lib\win64.o\libhdxml.dll
0x00007fff41f50000 - 0x00007fff41fb5000 	D:\Xilinx\Vivado\2019.2\lib\win64.o\liblmx6.0.dll
0x00007fff2ff50000 - 0x00007fff30064000 	D:\Xilinx\Vivado\2019.2\lib\win64.o\libboost_regex.dll
0x00007fff5ccd0000 - 0x00007fff5ccfe000 	D:\Xilinx\Vivado\2019.2\lib\win64.o\libisl_sysinfo.dll
0x00007fff6adb0000 - 0x00007fff6ae1c000 	C:\WINDOWS\System32\WS2_32.dll
0x00007fff5ae50000 - 0x00007fff5ae5a000 	D:\Xilinx\Vivado\2019.2\lib\win64.o\librdi_commonversion.dll
0x00007fff2b880000 - 0x00007fff2ba21000 	D:\Xilinx\Vivado\2019.2\lib\win64.o\librdi_commonxillic.dll
0x0000000073db0000 - 0x0000000073edb000 	D:\Xilinx\Vivado\2019.2\lib\win64.o\tcl85t.dll
0x00007fff54c00000 - 0x00007fff54c1a000 	D:\Xilinx\Vivado\2019.2\lib\win64.o\pthreadVC2.dll
0x00007fff00530000 - 0x00007fff0112c200 	D:\Xilinx\Vivado\2019.2\lib\win64.o\libisl_iostreams.dll
0x00007fff54bc0000 - 0x00007fff54bdc000 	D:\Xilinx\Vivado\2019.2\lib\win64.o\librdiconfig.dll
0x00007fff53b00000 - 0x00007fff53b21000 	D:\Xilinx\Vivado\2019.2\lib\win64.o\librdizlib.dll
0x0000000012000000 - 0x0000000012270000 	D:\Xilinx\Vivado\2019.2\lib\win64.o\xerces-c_3_1.dll
0x00007fff59a80000 - 0x00007fff59a97000 	C:\WINDOWS\SYSTEM32\NETAPI32.dll
0x00007fff54360000 - 0x00007fff5481d000 	C:\WINDOWS\SYSTEM32\WININET.dll
0x00007fff64230000 - 0x00007fff6430d000 	C:\WINDOWS\SYSTEM32\WINHTTP.dll
0x00007fff5f400000 - 0x00007fff5f5ca000 	C:\WINDOWS\SYSTEM32\urlmon.dll
0x00007fff5ae40000 - 0x00007fff5ae4d000 	D:\Xilinx\Vivado\2019.2\lib\win64.o\libboost_chrono.dll
0x00007fff54c70000 - 0x00007fff54c79000 	C:\WINDOWS\SYSTEM32\WSOCK32.dll
0x00007fff53a40000 - 0x00007fff53a68000 	C:\WINDOWS\SYSTEM32\VCOMP140.DLL
0x00007fff68780000 - 0x00007fff687a5000 	C:\WINDOWS\SYSTEM32\bcrypt.dll
0x00007ffeff690000 - 0x00007fff00521000 	D:\Xilinx\Vivado\2019.2\lib\win64.o\gurobi65.dll
0x00007fff08330000 - 0x00007fff0860b000 	D:\Xilinx\Vivado\2019.2\lib\win64.o\libXil_lmgr11.dll
0x00007fff54ba0000 - 0x00007fff54bbb000 	D:\Xilinx\Vivado\2019.2\lib\win64.o\libboost_iostreams.dll
0x00007fff6acc0000 - 0x00007fff6adad000 	C:\WINDOWS\System32\COMDLG32.dll
0x00007fff53a10000 - 0x00007fff53a35000 	D:\Xilinx\Vivado\2019.2\lib\win64.o\libisl_iosutils.dll
0x00007fff6b060000 - 0x00007fff6b122000 	C:\WINDOWS\System32\OLEAUT32.dll
0x00007fff591f0000 - 0x00007fff59497000 	C:\WINDOWS\SYSTEM32\iertutil.dll
0x00007fff6c750000 - 0x00007fff6c8a1000 	C:\WINDOWS\System32\ole32.dll
0x00007fff698a0000 - 0x00007fff698f7000 	C:\WINDOWS\System32\WINTRUST.dll
0x00007fff59c80000 - 0x00007fff59d27000 	C:\WINDOWS\WinSxS\amd64_microsoft.windows.common-controls_6595b64144ccf1df_5.82.17134.1130_none_557424652661399e\COMCTL32.dll
0x00007fff68cb0000 - 0x00007fff68cc2000 	C:\WINDOWS\System32\MSASN1.dll
0x00007fff699a0000 - 0x00007fff69b82000 	C:\WINDOWS\System32\CRYPT32.dll
0x00007fff62440000 - 0x00007fff6245a000 	C:\WINDOWS\SYSTEM32\dhcpcsvc.DLL
0x00007fff68610000 - 0x00007fff6861b000 	C:\WINDOWS\SYSTEM32\CRYPTBASE.DLL
0x00007fff6b130000 - 0x00007fff6b138000 	C:\WINDOWS\System32\NSI.dll
0x00007fff68310000 - 0x00007fff6831e000 	C:\WINDOWS\SYSTEM32\NETUTILS.DLL
0x00007fff69e60000 - 0x00007fff69e8d000 	C:\WINDOWS\System32\IMM32.DLL
0x00007ffefe9f0000 - 0x00007ffefef07000 	D:\Xilinx\Vivado\2019.2\lib\win64.o\librdi_commontasks.dll
0x00007fff63ec0000 - 0x00007fff63eca000 	C:\WINDOWS\SYSTEM32\VERSION.dll
0x0000000071f90000 - 0x00000000729b5000 	D:\Xilinx\Vivado\2019.2\tps\win64\jre9.0.4\bin\server\jvm.dll
0x00007fff6a0b0000 - 0x00007fff6a0b8000 	C:\WINDOWS\System32\PSAPI.DLL
0x00007fff07e10000 - 0x00007fff080f3000 	D:\Xilinx\Vivado\2019.2\lib\win64.o\librdi_sio.dll
0x00007fff66e90000 - 0x00007fff66eb3000 	C:\WINDOWS\SYSTEM32\WINMM.dll
0x00007fff2f510000 - 0x00007fff2f5ff000 	C:\WINDOWS\SYSTEM32\MSVCR120.dll
0x00007fff68210000 - 0x00007fff68248000 	C:\WINDOWS\SYSTEM32\IPHLPAPI.DLL
0x00007fff66d60000 - 0x00007fff66d8a000 	C:\WINDOWS\SYSTEM32\WINMMBASE.dll
0x00007fff684b0000 - 0x00007fff68516000 	C:\WINDOWS\SYSTEM32\MSWSOCK.DLL
0x00007ffef9af0000 - 0x00007ffefc235000 	D:\Xilinx\Vivado\2019.2\lib\win64.o\librdi_tcltasks.dll
0x00007fff33f60000 - 0x00007fff33fdb000 	D:\Xilinx\Vivado\2019.2\lib\win64.o\librdi_boarddep.dll
0x00007fff2b720000 - 0x00007fff2b872000 	D:\Xilinx\Vivado\2019.2\lib\win64.o\librdi_cd_client.dll
0x00007fff2aa50000 - 0x00007fff2ab3f000 	D:\Xilinx\Vivado\2019.2\lib\win64.o\librdi_chipscope.dll
0x00007ffefe530000 - 0x00007ffefe9e4000 	D:\Xilinx\Vivado\2019.2\lib\win64.o\librdi_bitstream.dll
0x00007ffefe370000 - 0x00007ffefe530000 	D:\Xilinx\Vivado\2019.2\lib\win64.o\librdi_chipscopeimpl.dll
0x00007ffefe040000 - 0x00007ffefe364000 	D:\Xilinx\Vivado\2019.2\lib\win64.o\librdi_containers.dll
0x00007ffef8010000 - 0x00007ffef9aea000 	D:\Xilinx\Vivado\2019.2\lib\win64.o\librdi_constraints.dll
0x00007ffefd960000 - 0x00007ffefe039000 	D:\Xilinx\Vivado\2019.2\lib\win64.o\librdi_coregenipxact.dll
0x00007ffef6020000 - 0x00007ffef8010000 	D:\Xilinx\Vivado\2019.2\lib\win64.o\librdi_coregen.dll
0x00007ffefd610000 - 0x00007ffefd95a000 	D:\Xilinx\Vivado\2019.2\lib\win64.o\librdi_dlyest.dll
0x00007ffef1d50000 - 0x00007ffef601b000 	D:\Xilinx\Vivado\2019.2\lib\win64.o\librdi_designutils.dll
0x00007ffefd040000 - 0x00007ffefd60d000 	D:\Xilinx\Vivado\2019.2\lib\win64.o\librdi_drc.dll
0x00007fff2af10000 - 0x00007fff2afd4000 	D:\Xilinx\Vivado\2019.2\lib\win64.o\librdi_dsp.dll
0x00007ffef16e0000 - 0x00007ffef1d4b000 	D:\Xilinx\Vivado\2019.2\lib\win64.o\librdi_filemgmt.dll
0x00007ffec6780000 - 0x00007ffedb32b000 	D:\Xilinx\Vivado\2019.2\lib\win64.o\librdi_device.dll
0x00007fff2fa20000 - 0x00007fff2fa8a000 	D:\Xilinx\Vivado\2019.2\lib\win64.o\librdi_hdf.dll
0x00007ffefce20000 - 0x00007ffefd040000 	D:\Xilinx\Vivado\2019.2\lib\win64.o\librdi_hip_devdesign.dll
0x00007ffef1590000 - 0x00007ffef16d8000 	D:\Xilinx\Vivado\2019.2\lib\win64.o\librdi_hip_perf_analysis.dll
0x00007ffeefe20000 - 0x00007ffef158d000 	D:\Xilinx\Vivado\2019.2\lib\win64.o\librdi_implflow.dll
0x00007fff2e050000 - 0x00007fff2e0c4000 	D:\Xilinx\Vivado\2019.2\lib\win64.o\librdi_memoryarray.dll
0x00007ffeef7e0000 - 0x00007ffeefe11000 	D:\Xilinx\Vivado\2019.2\lib\win64.o\librdi_memdata.dll
0x00007ffeec700000 - 0x00007ffeeca10000 	D:\Xilinx\Vivado\2019.2\lib\win64.o\librdi_guitools.dll
0x00007fff45590000 - 0x00007fff455dc000 	D:\Xilinx\Vivado\2019.2\lib\win64.o\librdi_pfi.dll
0x00007ffeec010000 - 0x00007ffeec6f3000 	D:\Xilinx\Vivado\2019.2\lib\win64.o\librdi_netlist.dll
0x00007ffeebcf0000 - 0x00007ffeec00b000 	D:\Xilinx\Vivado\2019.2\lib\win64.o\librdi_platform.dll
0x00007ffee8c10000 - 0x00007ffee941b000 	D:\Xilinx\Vivado\2019.2\lib\win64.o\librdi_power.dll
0x00007ffeeca10000 - 0x00007ffeef7db000 	D:\Xilinx\Vivado\2019.2\lib\win64.o\librdi_mig.dll
0x00007ffee8650000 - 0x00007ffee8c0a000 	D:\Xilinx\Vivado\2019.2\lib\win64.o\librdi_project.dll
0x00007ffee7f10000 - 0x00007ffee8643000 	D:\Xilinx\Vivado\2019.2\lib\win64.o\librdi_psta.dll
0x00007ffee9420000 - 0x00007ffeebce7000 	D:\Xilinx\Vivado\2019.2\lib\win64.o\librdi_place.dll
0x00007ffee7840000 - 0x00007ffee7f01000 	D:\Xilinx\Vivado\2019.2\lib\win64.o\librdi_rsb.dll
0x00007ffefcd10000 - 0x00007ffefce18000 	D:\Xilinx\Vivado\2019.2\lib\win64.o\librdi_runsbase.dll
0x00007ffee7410000 - 0x00007ffee7833000 	D:\Xilinx\Vivado\2019.2\lib\win64.o\librdi_runs.dll
0x00007ffee7190000 - 0x00007ffee7405000 	D:\Xilinx\Vivado\2019.2\lib\win64.o\librdi_simdata.dll
0x00007fff2ec50000 - 0x00007fff2eded000 	D:\Xilinx\Vivado\2019.2\lib\win64.o\librdi_board.dll
0x00007ffee6ff0000 - 0x00007ffee7190000 	D:\Xilinx\Vivado\2019.2\lib\win64.o\librdi_cd_protocol.dll
0x00007ffee6160000 - 0x00007ffee6fed000 	D:\Xilinx\Vivado\2019.2\lib\win64.o\librdi_timing.dll
0x00007ffee5fb0000 - 0x00007ffee6151000 	D:\Xilinx\Vivado\2019.2\lib\win64.o\librdi_advchipscopeimpl.dll
0x00007fff2f9d0000 - 0x00007fff2fa1c000 	D:\Xilinx\Vivado\2019.2\lib\win64.o\libboost_serialization.dll
0x00007fff1be70000 - 0x00007fff1bf47000 	D:\Xilinx\Vivado\2019.2\lib\win64.o\librdi_ipconfig_readwrite.dll
0x00007fff2dee0000 - 0x00007fff2df2a000 	D:\Xilinx\Vivado\2019.2\lib\win64.o\librdi_noc_frameworks.dll

VM Arguments:
jvm_args: -Dsun.java2d.pmoffscreen=false -Dsun.java2d.xrender=false -Dsun.java2d.d3d=false -Dsun.awt.nopixfmt=true -Dsun.java2d.dpiaware=true -Dsun.java2d.uiScale.enabled=false -Xverify:none -Dswing.aatext=true -XX:-UsePerfData -Djdk.map.althashing.threshold=512 -XX:StringTableSize=4072 --add-opens=java.base/java.nio=ALL-UNNAMED --add-opens=java.desktop/sun.swing=ALL-UNNAMED --add-opens=java.desktop/javax.swing=ALL-UNNAMED --add-opens=java.desktop/javax.swing.tree=ALL-UNNAMED --add-opens=java.desktop/javax.swing.plaf.basic=ALL-UNNAMED --add-opens=java.desktop/javax.swing.plaf.synth=ALL-UNNAMED --add-opens=java.desktop/com.sun.awt=ALL-UNNAMED -XX:NewSize=60m -XX:MaxNewSize=60m -Xms128m -Xmx3072m -Xss5m 
java_command: <unknown>
java_class_path (initial): D:/Xilinx/Vivado/2019.2\lib\classes\alloy.jar;D:/Xilinx/Vivado/2019.2\lib\classes\autoesl-common.jar;D:/Xilinx/Vivado/2019.2\lib\classes\autoesl-models.jar;D:/Xilinx/Vivado/2019.2\lib\classes\autoesl-report.jar;D:/Xilinx/Vivado/2019.2\lib\classes\autopilot.scelaborator.jar;D:/Xilinx/Vivado/2019.2\lib\classes\autopilot.sourceprocessor.jar;D:/Xilinx/Vivado/2019.2\lib\classes\autopilot.tbprocessor.jar;D:/Xilinx/Vivado/2019.2\lib\classes\batik-anim.jar;D:/Xilinx/Vivado/2019.2\lib\classes\batik-awt-util.jar;D:/Xilinx/Vivado/2019.2\lib\classes\batik-bridge.jar;D:/Xilinx/Vivado/2019.2\lib\classes\batik-codec.jar;D:/Xilinx/Vivado/2019.2\lib\classes\batik-css.jar;D:/Xilinx/Vivado/2019.2\lib\classes\batik-dom.jar;D:/Xilinx/Vivado/2019.2\lib\classes\batik-ext.jar;D:/Xilinx/Vivado/2019.2\lib\classes\batik-gui-util.jar;D:/Xilinx/Vivado/2019.2\lib\classes\batik-gvt.jar;D:/Xilinx/Vivado/2019.2\lib\classes\batik-parser.jar;D:/Xilinx/Vivado/2019.2\lib\classes\batik-script.jar;D:/Xilinx/Vivado/2019.2\lib\classes\batik-svg-dom.jar;D:/Xilinx/Vivado/2019.2\lib\classes\batik-swing.jar;D:/Xilinx/Vivado/2019.2\lib\classes\batik-transcoder.jar;D:/Xilinx/Vivado/2019.2\lib\classes\batik-util.jar;D:/Xilinx/Vivado/2019.2\lib\classes\batik-xml.jar;D:/Xilinx/Vivado/2019.2\lib\classes\com.google.gson_2.7.0.v20170129-0911.jar;D:/Xilinx/Vivado/2019.2\lib\classes\com.google.guava_21.0.0.v20170206-1425.jar;D:/Xilinx/Vivado/2019.2\lib\classes\com.ibm.icu_4.4.2.v20110208.jar;D:/Xilinx/Vivado/2019.2\lib\classes\com.sigasi.hdt.connection_4.5.0.201909241521.jar;D:/Xilinx/Vivado/2019.2\lib\classes\com.sigasi.hdt.epl_4.5.0.201909241521.jar;D:/Xilinx/Vivado/2019.2\lib\classes\com.sigasi.hdt.project_4.5.0.201909241521.jar;D:/Xilinx/Vivado/2019.2\lib\classes\com.sigasi.hdt.readonlyfilesystem_4.5.0.201909241521.jar;D:/Xilinx/Vivado/2019.2\lib\classes\com.sigasi.lcm_4.5.0.201909241521.jar;D:/Xilinx/Vivado/2019.2\lib\classes\com.sigasi.sdk.client_4.5.0.201909241521.jar;D:/Xilinx/Vivado
Launcher Type: generic

Logging:
Log output configuration:
#0: stdout all=warning uptime,level,tags
#1: stderr all=off uptime,level,tags

Environment Variables:
PATH=D:/Xilinx/Vivado/2019.2\gnuwin\bin;D:/Xilinx/Vivado/2019.2\gnu\microblaze\nt\bin;D:/Xilinx/Vivado/2019.2/bin;D:/Xilinx/Vivado/2019.2/lib/win64.o;D:/Xilinx/Vivado/2019.2/tps/win64/jre9.0.4/bin/server;D:/Xilinx/Vivado/2019.2/tps/win64/jre9.0.4/bin;D:/Xilinx/Vivado/2019.2/ids_lite/ISE/bin/nt64;D:/Xilinx/Vivado/2019.2/ids_lite/ISE/lib/nt64;C:\Program Files (x86)\Common Files\Oracle\Java\javapath;C:\Program Files\PHP\v7.2;C:\Program Files\Microsoft MPI\Bin\;C:\ProgramData\Oracle\Java\javapath;C:\Program Files (x86)\Cuminas\Document Express DjVu Plug-in\;C:\WINDOWS\system32;C:\WINDOWS;C:\WINDOWS\System32\Wbem;C:\WINDOWS\System32\WindowsPowerShell\v1.0\;D:\MATLAB\R2016a\runtime\win64;D:\MATLAB\R2016a\bin;D:\MATLAB\R2016a\polyspace\bin;C:\Program Files\PuTTY\;C:\Program Files (x86)\Geth;D:\Geth;D:\Calibre2\;C:\Program Files (x86)\CrSSL\bin;C:\WINDOWS\System32\OpenSSH\;C:\MATRIKS;C:\MATRIKS\System32\;C:\Program Files (x86)\NVIDIA Corporation\PhysX\Common;C:\Program Files (x86)\National Instruments\Shared\LabVIEW CLI;C:\Program Files\NVIDIA Corporation\NVIDIA NvDLISR;D:\Git\cmd;C:\Program Files\Microsoft\Web Platform Installer\;C:\Users\miner_2\AppData\Local\Programs\Python\Python37-32\Scripts\;C:\Users\miner_2\AppData\Local\Programs\Python\Python37-32\;C:\Users\miner_2\AppData\Local\Microsoft\WindowsApps;D:\JetBrains\PyCharm Community Edition 2018.3.3\bin;;D:\Microsoft VS Code\bin;D:/Xilinx/Vivado/2019.2\tps\mingw\6.2.0\win64.o\nt\bin;D:/Xilinx/Vivado/2019.2\tps\mingw\6.2.0\win64.o\nt\libexec\gcc\x86_64-w64-mingw32\6.2.0;D:/Xilinx/Vivado/2019.2\tps\win64\python-2.7.5;D:/Xilinx/Vivado/2019.2\tps\win64\python-2.7.5\bin;D:/Xilinx/Vivado/2019.2\tps\win64\python-2.7.5\lib;D:/Xilinx/Vivado/2019.2\tps\win64\python-2.7.5\Lib\lib-tk;D:/Xilinx/Vivado/2019.2\tps\win64\python-2.7.5\lib\site-packages
USERNAME=fatih
OS=Windows_NT
PROCESSOR_IDENTIFIER=Intel64 Family 6 Model 158 Stepping 9, GenuineIntel



---------------  S Y S T E M  ---------------

OS: Windows 10 , 64 bit Build 17134 (10.0.17134.753)

CPU:total 4 (initial active 4) (4 cores per cpu, 1 threads per core) family 6 model 158 stepping 9, cmov, cx8, fxsr, mmx, sse, sse2, sse3, ssse3, sse4.1, sse4.2, popcnt, avx, avx2, aes, clmul, erms, 3dnowpref, lzcnt, tsc, tscinvbit, bmi1, bmi2, adx, fma

Memory: 4k page, physical 16738204k(7306500k free), swap 19228572k(3272108k free)

vm_info: Java HotSpot(TM) 64-Bit Server VM (9.0.4+11) for windows-amd64 JRE (9.0.4+11), built on Dec 20 2017 02:18:54 by "mach5one" with MS VC++ 12.0 (VS2013)

END.
