#-----------------------------------------------------------
# Vivado v2019.2 (64-bit)
# SW Build 2708876 on Wed Nov  6 21:40:23 MST 2019
# IP Build 2700528 on Thu Nov  7 00:09:20 MST 2019
# Start of session at: Fri Mar 20 21:16:23 2020
# Process ID: 17260
# Current directory: C:/Users/cankirsallioba/Documents/School/2.year/1.term/cs223/project/master_slave_project_directory
# Command line: vivado.exe -gui_launcher_event rodinguilauncherevent2264 C:\Users\cankirsallioba\Documents\School\2.year\1.term\cs223\project\master_slave_project_directory\master_slave.xpr
# Log file: C:/Users/cankirsallioba/Documents/School/2.year/1.term/cs223/project/master_slave_project_directory/vivado.log
# Journal file: C:/Users/cankirsallioba/Documents/School/2.year/1.term/cs223/project/master_slave_project_directory\vivado.jou
#-----------------------------------------------------------
start_gui
open_project C:/Users/cankirsallioba/Documents/School/2.year/1.term/cs223/project/master_slave_project_directory/master_slave.xpr
INFO: [ProjectBase 1-489] The host OS only allows 260 characters in a normal path. The project is stored in a path with more than 80 characters. If you experience issues with IP, Block Designs, or files not being found, please consider moving the project to a location with a shorter path. Alternately consider using the OS subst command to map part of the path to a drive letter.
Current project path is 'C:/Users/cankirsallioba/Documents/School/2.year/1.term/cs223/project/master_slave_project_directory'
INFO: [Project 1-313] Project file moved from 'C:/Users/miner_2/Desktop/master_slave_project_directory' since last save.
Scanning sources...
Finished scanning sources
INFO: [IP_Flow 19-234] Refreshing IP repositories
INFO: [IP_Flow 19-1704] No user IP repositories specified
INFO: [IP_Flow 19-2313] Loaded Vivado IP repository 'C:/Xilinx/Vivado/2019.2/data/ip'.
open_project: Time (s): cpu = 00:00:20 ; elapsed = 00:00:07 . Memory (MB): peak = 822.570 ; gain = 147.551
update_compile_order -fileset sources_1
reset_run synth_1
launch_runs impl_1 -to_step write_bitstream -jobs 8
[Fri Mar 20 21:17:21 2020] Launched synth_1...
Run output will be captured here: C:/Users/cankirsallioba/Documents/School/2.year/1.term/cs223/project/master_slave_project_directory/master_slave.runs/synth_1/runme.log
[Fri Mar 20 21:17:21 2020] Launched impl_1...
Run output will be captured here: C:/Users/cankirsallioba/Documents/School/2.year/1.term/cs223/project/master_slave_project_directory/master_slave.runs/impl_1/runme.log
exit
INFO: [Common 17-206] Exiting Vivado at Fri Mar 20 21:19:25 2020...
